2022-08-09 22:13:55,991 INFO SPI service [com.alipay.sofa.jraft.JRaftServiceFactory - com.alipay.sofa.jraft.core.DefaultJRaftServiceFactory] loading.

2022-08-09 22:13:56,058 INFO SPI service [com.alipay.sofa.jraft.rpc.RaftRpcFactory - com.alipay.sofa.jraft.rpc.impl.GrpcRaftRpcFactory] loading.

2022-08-09 22:13:56,163 INFO SPI service [com.alipay.sofa.jraft.util.JRaftSignalHandler - com.alipay.sofa.jraft.NodeDescribeSignalHandler] loading.

2022-08-09 22:13:56,168 INFO SPI service [com.alipay.sofa.jraft.util.JRaftSignalHandler - com.alipay.sofa.jraft.NodeMetricsSignalHandler] loading.

2022-08-09 22:13:56,170 INFO SPI service [com.alipay.sofa.jraft.util.JRaftSignalHandler - com.alipay.sofa.jraft.ThreadPoolMetricsSignalHandler] loading.

2022-08-09 22:13:56,173 INFO SPI service [com.alipay.sofa.jraft.util.timer.RaftTimerFactory - com.alipay.sofa.jraft.util.timer.DefaultRaftTimerFactory] loading.

2022-08-09 22:13:56,181 INFO The number of active nodes increment to 1.

2022-08-09 22:13:56,328 INFO Starts FSMCaller successfully.

2022-08-09 22:13:56,335 INFO Loading snapshot, meta=last_included_index: 1
last_included_term: 1
peers: "72889442af0a:7848"
.

2022-08-09 22:13:56,398 INFO Node <naming_persistent_service_v2/72889442af0a:7848> onSnapshotLoadDone, last_included_index: 1
last_included_term: 1
peers: "72889442af0a:7848"


2022-08-09 22:13:56,404 INFO Node <naming_persistent_service_v2/72889442af0a:7848> target priority value has changed from: 0, to: -1.

2022-08-09 22:13:56,419 INFO Node <naming_persistent_service_v2/72889442af0a:7848> init, term=1, lastLogId=LogId [index=1, term=1], conf=72889442af0a:7848, oldConf=.

2022-08-09 22:13:56,422 INFO Node <naming_persistent_service_v2/72889442af0a:7848> start vote and grant vote self, term=1.

2022-08-09 22:13:56,435 INFO Save raft meta, path=/home/nacos/data/protocol/raft/naming_persistent_service_v2/meta-data, term=2, votedFor=72889442af0a:7848, cost time=8 ms

2022-08-09 22:13:56,436 INFO Node <naming_persistent_service_v2/72889442af0a:7848> become leader of group, term=2, conf=72889442af0a:7848, oldConf=.

2022-08-09 22:13:56,439 INFO -Djraft.recyclers.maxCapacityPerThread: 4096.

2022-08-09 22:13:56,443 WARN RPC server is not started in RaftGroupService.

2022-08-09 22:13:56,444 INFO Start the RaftGroupService successfully.

2022-08-09 22:13:56,449 INFO onLeaderStart: term=2.

2022-08-09 22:13:56,458 INFO The number of active nodes increment to 2.

2022-08-09 22:13:56,499 INFO Starts FSMCaller successfully.

2022-08-09 22:13:56,501 WARN No data for snapshot reader /home/nacos/data/protocol/raft/naming_instance_metadata/snapshot.

2022-08-09 22:13:56,501 INFO Node <naming_instance_metadata/72889442af0a:7848> target priority value has changed from: 0, to: -1.

2022-08-09 22:13:56,503 INFO Node <naming_instance_metadata/72889442af0a:7848> init, term=1, lastLogId=LogId [index=1, term=1], conf=72889442af0a:7848, oldConf=.

2022-08-09 22:13:56,505 INFO Node <naming_instance_metadata/72889442af0a:7848> start vote and grant vote self, term=1.

2022-08-09 22:13:56,510 WARN Channel in TRANSIENT_FAILURE state: 72889442af0a:7848.

2022-08-09 22:13:56,511 INFO Save raft meta, path=/home/nacos/data/protocol/raft/naming_instance_metadata/meta-data, term=2, votedFor=72889442af0a:7848, cost time=4 ms

2022-08-09 22:13:56,512 INFO Node <naming_instance_metadata/72889442af0a:7848> become leader of group, term=2, conf=72889442af0a:7848, oldConf=.

2022-08-09 22:13:56,511 WARN Channel in SHUTDOWN state: 72889442af0a:7848.

2022-08-09 22:13:56,513 WARN RPC server is not started in RaftGroupService.

2022-08-09 22:13:56,514 INFO Start the RaftGroupService successfully.

2022-08-09 22:13:56,515 INFO onLeaderStart: term=2.

2022-08-09 22:13:56,521 INFO The number of active nodes increment to 3.

2022-08-09 22:13:56,567 INFO Starts FSMCaller successfully.

2022-08-09 22:13:56,569 INFO Loading snapshot, meta=last_included_index: 1
last_included_term: 1
peers: "72889442af0a:7848"
.

2022-08-09 22:13:56,572 INFO Node <naming_service_metadata/72889442af0a:7848> onSnapshotLoadDone, last_included_index: 1
last_included_term: 1
peers: "72889442af0a:7848"


2022-08-09 22:13:56,574 INFO Node <naming_service_metadata/72889442af0a:7848> target priority value has changed from: 0, to: -1.

2022-08-09 22:13:56,576 INFO Node <naming_service_metadata/72889442af0a:7848> init, term=1, lastLogId=LogId [index=1, term=1], conf=72889442af0a:7848, oldConf=.

2022-08-09 22:13:56,578 INFO Node <naming_service_metadata/72889442af0a:7848> start vote and grant vote self, term=1.

2022-08-09 22:13:56,580 INFO Save raft meta, path=/home/nacos/data/protocol/raft/naming_service_metadata/meta-data, term=2, votedFor=72889442af0a:7848, cost time=1 ms

2022-08-09 22:13:56,581 INFO Node <naming_service_metadata/72889442af0a:7848> become leader of group, term=2, conf=72889442af0a:7848, oldConf=.

2022-08-09 22:13:56,583 WARN RPC server is not started in RaftGroupService.

2022-08-09 22:13:56,584 INFO Start the RaftGroupService successfully.

2022-08-09 22:13:56,584 INFO onLeaderStart: term=2.

2022-08-09 22:29:55,391 INFO Deleting snapshot /home/nacos/data/protocol/raft/naming_service_metadata/snapshot/snapshot_2.

2022-08-09 22:29:55,394 INFO Renaming /home/nacos/data/protocol/raft/naming_service_metadata/snapshot/temp to /home/nacos/data/protocol/raft/naming_service_metadata/snapshot/snapshot_2.

2022-08-09 22:29:55,396 INFO Deleting snapshot /home/nacos/data/protocol/raft/naming_service_metadata/snapshot/snapshot_1.

2022-08-09 22:35:50,504 INFO Deleting snapshot /home/nacos/data/protocol/raft/naming_persistent_service_v2/snapshot/snapshot_2.

2022-08-09 22:35:50,512 INFO Renaming /home/nacos/data/protocol/raft/naming_persistent_service_v2/snapshot/temp to /home/nacos/data/protocol/raft/naming_persistent_service_v2/snapshot/snapshot_2.

2022-08-09 22:35:50,517 INFO Deleting snapshot /home/nacos/data/protocol/raft/naming_persistent_service_v2/snapshot/snapshot_1.

2022-08-09 22:40:42,902 INFO Deleting snapshot /home/nacos/data/protocol/raft/naming_instance_metadata/snapshot/snapshot_2.

2022-08-09 22:40:42,910 INFO Renaming /home/nacos/data/protocol/raft/naming_instance_metadata/snapshot/temp to /home/nacos/data/protocol/raft/naming_instance_metadata/snapshot/snapshot_2.

