2022-08-10 00:00:01,717 INFO [long-pulling] client count 4

2022-08-10 00:00:01,722 INFO toNotifyTaskSize = 0

2022-08-10 00:00:01,729 INFO toClientNotifyTaskSize = 0

2022-08-10 00:00:01,719 INFO groupCount = 115, subscriberClientCount = 0, subscriberCount = 0

2022-08-10 00:00:11,732 INFO [long-pulling] client count 4

2022-08-10 00:00:11,732 INFO groupCount = 115, subscriberClientCount = 0, subscriberCount = 0

2022-08-10 00:00:11,732 INFO toNotifyTaskSize = 0

2022-08-10 00:00:11,737 INFO toClientNotifyTaskSize = 0

2022-08-10 00:00:21,736 INFO [long-pulling] client count 4

2022-08-10 00:00:21,737 INFO groupCount = 115, subscriberClientCount = 0, subscriberCount = 0

2022-08-10 00:00:21,739 INFO toNotifyTaskSize = 0

2022-08-10 00:00:21,741 INFO toClientNotifyTaskSize = 0

2022-08-10 00:00:31,740 INFO [long-pulling] client count 4

2022-08-10 00:00:31,740 INFO groupCount = 115, subscriberClientCount = 0, subscriberCount = 0

2022-08-10 00:00:31,743 INFO toNotifyTaskSize = 0

2022-08-10 00:00:31,745 INFO toClientNotifyTaskSize = 0

2022-08-10 00:00:41,747 INFO [long-pulling] client count 4

2022-08-10 00:00:41,747 INFO toNotifyTaskSize = 0

2022-08-10 00:00:41,751 INFO toClientNotifyTaskSize = 0

2022-08-10 00:00:41,747 INFO groupCount = 115, subscriberClientCount = 0, subscriberCount = 0

2022-08-10 00:00:51,749 INFO [long-pulling] client count 4

2022-08-10 00:00:51,752 INFO toNotifyTaskSize = 0

2022-08-10 00:00:51,753 INFO toClientNotifyTaskSize = 0

2022-08-10 00:00:51,754 INFO groupCount = 115, subscriberClientCount = 0, subscriberCount = 0

2022-08-10 00:01:01,753 INFO [long-pulling] client count 4

2022-08-10 00:01:01,755 INFO toNotifyTaskSize = 0

2022-08-10 00:01:01,757 INFO toClientNotifyTaskSize = 0

2022-08-10 00:01:01,755 INFO groupCount = 115, subscriberClientCount = 0, subscriberCount = 0

2022-08-10 00:01:11,756 INFO [long-pulling] client count 4

2022-08-10 00:01:11,759 INFO toNotifyTaskSize = 0

2022-08-10 00:01:11,760 INFO toClientNotifyTaskSize = 0

2022-08-10 00:01:11,760 INFO groupCount = 115, subscriberClientCount = 0, subscriberCount = 0

2022-08-10 00:01:21,759 INFO [long-pulling] client count 4

2022-08-10 00:01:21,762 INFO toNotifyTaskSize = 0

2022-08-10 00:01:21,763 INFO toClientNotifyTaskSize = 0

2022-08-10 00:01:21,763 INFO groupCount = 115, subscriberClientCount = 0, subscriberCount = 0

2022-08-10 00:01:31,766 INFO [long-pulling] client count 4

2022-08-10 00:01:31,766 INFO groupCount = 115, subscriberClientCount = 0, subscriberCount = 0

2022-08-10 00:01:31,766 INFO toNotifyTaskSize = 0

2022-08-10 00:01:31,771 INFO toClientNotifyTaskSize = 0

2022-08-10 00:01:41,771 INFO [long-pulling] client count 4

2022-08-10 00:01:41,773 INFO toNotifyTaskSize = 0

2022-08-10 00:01:41,775 INFO toClientNotifyTaskSize = 0

2022-08-10 00:01:41,771 INFO groupCount = 115, subscriberClientCount = 0, subscriberCount = 0

2022-08-10 00:01:51,778 INFO toNotifyTaskSize = 0

2022-08-10 00:01:51,782 INFO toClientNotifyTaskSize = 0

2022-08-10 00:01:51,778 INFO [long-pulling] client count 4

2022-08-10 00:01:51,778 INFO groupCount = 115, subscriberClientCount = 0, subscriberCount = 0

2022-08-10 00:02:01,783 INFO toNotifyTaskSize = 0

2022-08-10 00:02:01,786 INFO toClientNotifyTaskSize = 0

2022-08-10 00:02:01,784 INFO [long-pulling] client count 4

2022-08-10 00:02:01,785 INFO groupCount = 115, subscriberClientCount = 0, subscriberCount = 0

2022-08-10 00:02:11,789 INFO [long-pulling] client count 4

2022-08-10 00:02:11,790 INFO groupCount = 115, subscriberClientCount = 0, subscriberCount = 0

2022-08-10 00:02:11,790 INFO toNotifyTaskSize = 0

2022-08-10 00:02:11,794 INFO toClientNotifyTaskSize = 0

2022-08-10 00:02:21,792 INFO [long-pulling] client count 4

2022-08-10 00:02:21,793 INFO groupCount = 115, subscriberClientCount = 0, subscriberCount = 0

2022-08-10 00:02:21,796 INFO toNotifyTaskSize = 0

2022-08-10 00:02:21,798 INFO toClientNotifyTaskSize = 0

2022-08-10 00:02:31,798 INFO [long-pulling] client count 4

2022-08-10 00:02:31,799 INFO toNotifyTaskSize = 0

2022-08-10 00:02:31,805 INFO toClientNotifyTaskSize = 0

2022-08-10 00:02:31,799 INFO groupCount = 115, subscriberClientCount = 0, subscriberCount = 0

2022-08-10 00:02:41,804 INFO [long-pulling] client count 4

2022-08-10 00:02:41,808 INFO toNotifyTaskSize = 0

2022-08-10 00:02:41,809 INFO toClientNotifyTaskSize = 0

2022-08-10 00:02:41,809 INFO groupCount = 115, subscriberClientCount = 0, subscriberCount = 0

2022-08-10 00:02:51,807 INFO [long-pulling] client count 4

2022-08-10 00:02:51,811 INFO toNotifyTaskSize = 0

2022-08-10 00:02:51,812 INFO toClientNotifyTaskSize = 0

2022-08-10 00:02:51,812 INFO groupCount = 115, subscriberClientCount = 0, subscriberCount = 0

2022-08-10 00:03:01,810 INFO [long-pulling] client count 4

2022-08-10 00:03:01,813 INFO toNotifyTaskSize = 0

2022-08-10 00:03:01,815 INFO toClientNotifyTaskSize = 0

2022-08-10 00:03:01,815 INFO groupCount = 115, subscriberClientCount = 0, subscriberCount = 0

2022-08-10 00:03:11,815 INFO [long-pulling] client count 4

2022-08-10 00:03:11,816 INFO toNotifyTaskSize = 0

2022-08-10 00:03:11,819 INFO toClientNotifyTaskSize = 0

2022-08-10 00:03:11,818 INFO groupCount = 115, subscriberClientCount = 0, subscriberCount = 0

2022-08-10 00:03:21,821 INFO toNotifyTaskSize = 0

2022-08-10 00:03:21,825 INFO toClientNotifyTaskSize = 0

2022-08-10 00:03:21,821 INFO [long-pulling] client count 4

2022-08-10 00:03:21,821 INFO groupCount = 115, subscriberClientCount = 0, subscriberCount = 0

2022-08-10 00:03:31,829 INFO [long-pulling] client count 4

2022-08-10 00:03:31,830 INFO groupCount = 115, subscriberClientCount = 0, subscriberCount = 0

2022-08-10 00:03:31,830 INFO toNotifyTaskSize = 0

2022-08-10 00:03:31,835 INFO toClientNotifyTaskSize = 0

2022-08-10 00:03:41,834 INFO groupCount = 115, subscriberClientCount = 0, subscriberCount = 0

2022-08-10 00:03:41,835 INFO [long-pulling] client count 4

2022-08-10 00:03:41,837 INFO toNotifyTaskSize = 0

2022-08-10 00:03:41,840 INFO toClientNotifyTaskSize = 0

2022-08-10 00:03:51,838 INFO groupCount = 115, subscriberClientCount = 0, subscriberCount = 0

2022-08-10 00:03:51,842 INFO toNotifyTaskSize = 0

2022-08-10 00:03:51,843 INFO toClientNotifyTaskSize = 0

2022-08-10 00:03:51,839 INFO [long-pulling] client count 4

2022-08-10 00:04:01,843 INFO groupCount = 115, subscriberClientCount = 0, subscriberCount = 0

2022-08-10 00:04:01,845 INFO toNotifyTaskSize = 0

2022-08-10 00:04:01,848 INFO toClientNotifyTaskSize = 0

2022-08-10 00:04:01,846 INFO [long-pulling] client count 4

2022-08-10 00:04:11,846 INFO groupCount = 115, subscriberClientCount = 0, subscriberCount = 0

2022-08-10 00:04:11,850 INFO toNotifyTaskSize = 0

2022-08-10 00:04:11,851 INFO toClientNotifyTaskSize = 0

2022-08-10 00:04:11,854 INFO [long-pulling] client count 4

2022-08-10 00:04:21,850 INFO groupCount = 115, subscriberClientCount = 0, subscriberCount = 0

2022-08-10 00:04:21,852 INFO toNotifyTaskSize = 0

2022-08-10 00:04:21,855 INFO toClientNotifyTaskSize = 0

2022-08-10 00:04:21,856 INFO [long-pulling] client count 4

2022-08-10 00:04:31,857 INFO groupCount = 115, subscriberClientCount = 0, subscriberCount = 0

2022-08-10 00:04:31,857 INFO [long-pulling] client count 4

2022-08-10 00:04:31,857 INFO toNotifyTaskSize = 0

2022-08-10 00:04:31,862 INFO toClientNotifyTaskSize = 0

2022-08-10 00:04:41,863 INFO groupCount = 115, subscriberClientCount = 0, subscriberCount = 0

2022-08-10 00:04:41,863 INFO toNotifyTaskSize = 0

2022-08-10 00:04:41,863 INFO [long-pulling] client count 4

2022-08-10 00:04:41,868 INFO toClientNotifyTaskSize = 0

2022-08-10 00:04:51,867 INFO groupCount = 115, subscriberClientCount = 0, subscriberCount = 0

2022-08-10 00:04:51,870 INFO [long-pulling] client count 4

2022-08-10 00:04:51,871 INFO toNotifyTaskSize = 0

2022-08-10 00:04:51,873 INFO toClientNotifyTaskSize = 0

2022-08-10 00:05:01,871 INFO groupCount = 115, subscriberClientCount = 0, subscriberCount = 0

2022-08-10 00:05:01,872 INFO [long-pulling] client count 4

2022-08-10 00:05:01,875 INFO toNotifyTaskSize = 0

2022-08-10 00:05:01,878 INFO toClientNotifyTaskSize = 0

2022-08-10 00:05:11,877 INFO groupCount = 115, subscriberClientCount = 0, subscriberCount = 0

2022-08-10 00:05:11,877 INFO [long-pulling] client count 4

2022-08-10 00:05:11,879 INFO toNotifyTaskSize = 0

2022-08-10 00:05:11,882 INFO toClientNotifyTaskSize = 0

2022-08-10 00:05:21,881 INFO [long-pulling] client count 4

2022-08-10 00:05:21,883 INFO toNotifyTaskSize = 0

2022-08-10 00:05:21,882 INFO groupCount = 115, subscriberClientCount = 0, subscriberCount = 0

2022-08-10 00:05:21,885 INFO toClientNotifyTaskSize = 0

2022-08-10 00:05:31,884 INFO [long-pulling] client count 4

2022-08-10 00:05:31,887 INFO groupCount = 115, subscriberClientCount = 0, subscriberCount = 0

2022-08-10 00:05:31,888 INFO toNotifyTaskSize = 0

2022-08-10 00:05:31,890 INFO toClientNotifyTaskSize = 0

2022-08-10 00:05:41,893 INFO [long-pulling] client count 4

2022-08-10 00:05:41,893 INFO toNotifyTaskSize = 0

2022-08-10 00:05:41,897 INFO toClientNotifyTaskSize = 0

2022-08-10 00:05:41,893 INFO groupCount = 115, subscriberClientCount = 0, subscriberCount = 0

2022-08-10 00:05:51,897 INFO [long-pulling] client count 4

2022-08-10 00:05:51,898 INFO toNotifyTaskSize = 0

2022-08-10 00:05:51,902 INFO toClientNotifyTaskSize = 0

2022-08-10 00:05:51,900 INFO groupCount = 115, subscriberClientCount = 0, subscriberCount = 0

2022-08-10 00:06:01,902 INFO [long-pulling] client count 4

2022-08-10 00:06:01,904 INFO toNotifyTaskSize = 0

2022-08-10 00:06:01,907 INFO toClientNotifyTaskSize = 0

2022-08-10 00:06:01,905 INFO groupCount = 115, subscriberClientCount = 0, subscriberCount = 0

2022-08-10 00:06:11,907 INFO [long-pulling] client count 4

2022-08-10 00:06:11,909 INFO toNotifyTaskSize = 0

2022-08-10 00:06:11,911 INFO toClientNotifyTaskSize = 0

2022-08-10 00:06:11,910 INFO groupCount = 115, subscriberClientCount = 0, subscriberCount = 0

2022-08-10 00:06:21,911 INFO [long-pulling] client count 4

2022-08-10 00:06:21,913 INFO toNotifyTaskSize = 0

2022-08-10 00:06:21,913 INFO groupCount = 115, subscriberClientCount = 0, subscriberCount = 0

2022-08-10 00:06:21,922 INFO toClientNotifyTaskSize = 0

2022-08-10 00:06:31,920 INFO [long-pulling] client count 4

2022-08-10 00:06:31,923 INFO groupCount = 115, subscriberClientCount = 0, subscriberCount = 0

2022-08-10 00:06:31,925 INFO toNotifyTaskSize = 0

2022-08-10 00:06:31,927 INFO toClientNotifyTaskSize = 0

2022-08-10 00:06:41,926 INFO [long-pulling] client count 4

2022-08-10 00:06:41,926 INFO groupCount = 115, subscriberClientCount = 0, subscriberCount = 0

2022-08-10 00:06:41,929 INFO toNotifyTaskSize = 0

2022-08-10 00:06:41,932 INFO toClientNotifyTaskSize = 0

2022-08-10 00:06:51,930 INFO [long-pulling] client count 4

2022-08-10 00:06:51,931 INFO groupCount = 115, subscriberClientCount = 0, subscriberCount = 0

2022-08-10 00:06:51,934 INFO toNotifyTaskSize = 0

2022-08-10 00:06:51,937 INFO toClientNotifyTaskSize = 0

2022-08-10 00:07:01,935 INFO [long-pulling] client count 4

2022-08-10 00:07:01,935 INFO groupCount = 115, subscriberClientCount = 0, subscriberCount = 0

2022-08-10 00:07:01,939 INFO toNotifyTaskSize = 0

2022-08-10 00:07:01,941 INFO toClientNotifyTaskSize = 0

2022-08-10 00:07:11,943 INFO toNotifyTaskSize = 0

2022-08-10 00:07:11,945 INFO toClientNotifyTaskSize = 0

2022-08-10 00:07:11,941 INFO groupCount = 115, subscriberClientCount = 0, subscriberCount = 0

2022-08-10 00:07:11,941 INFO [long-pulling] client count 4

2022-08-10 00:07:21,949 INFO [long-pulling] client count 4

2022-08-10 00:07:21,949 INFO toNotifyTaskSize = 0

2022-08-10 00:07:21,953 INFO toClientNotifyTaskSize = 0

2022-08-10 00:07:21,949 INFO groupCount = 115, subscriberClientCount = 0, subscriberCount = 0

2022-08-10 00:07:31,953 INFO [long-pulling] client count 4

2022-08-10 00:07:31,954 INFO toNotifyTaskSize = 0

2022-08-10 00:07:31,957 INFO toClientNotifyTaskSize = 0

2022-08-10 00:07:31,956 INFO groupCount = 115, subscriberClientCount = 0, subscriberCount = 0

2022-08-10 00:07:41,956 INFO [long-pulling] client count 4

2022-08-10 00:07:41,958 INFO toNotifyTaskSize = 0

2022-08-10 00:07:41,959 INFO groupCount = 115, subscriberClientCount = 0, subscriberCount = 0

2022-08-10 00:07:41,962 INFO toClientNotifyTaskSize = 0

2022-08-10 00:07:51,961 INFO [long-pulling] client count 4

2022-08-10 00:07:51,964 INFO groupCount = 115, subscriberClientCount = 0, subscriberCount = 0

2022-08-10 00:07:51,966 INFO toNotifyTaskSize = 0

2022-08-10 00:07:51,966 INFO toClientNotifyTaskSize = 0

2022-08-10 00:08:01,965 INFO [long-pulling] client count 4

2022-08-10 00:08:01,966 INFO groupCount = 115, subscriberClientCount = 0, subscriberCount = 0

2022-08-10 00:08:01,968 INFO toNotifyTaskSize = 0

2022-08-10 00:08:01,973 INFO toClientNotifyTaskSize = 0

2022-08-10 00:08:11,970 INFO [long-pulling] client count 4

2022-08-10 00:08:11,971 INFO groupCount = 115, subscriberClientCount = 0, subscriberCount = 0

2022-08-10 00:08:11,974 INFO toNotifyTaskSize = 0

2022-08-10 00:08:11,977 INFO toClientNotifyTaskSize = 0

2022-08-10 00:08:21,974 INFO [long-pulling] client count 4

2022-08-10 00:08:21,975 INFO groupCount = 115, subscriberClientCount = 0, subscriberCount = 0

2022-08-10 00:08:21,978 INFO toNotifyTaskSize = 0

2022-08-10 00:08:21,981 INFO toClientNotifyTaskSize = 0

2022-08-10 00:08:31,978 INFO [long-pulling] client count 4

2022-08-10 00:08:31,980 INFO groupCount = 115, subscriberClientCount = 0, subscriberCount = 0

2022-08-10 00:08:31,982 INFO toNotifyTaskSize = 0

2022-08-10 00:08:31,985 INFO toClientNotifyTaskSize = 0

2022-08-10 00:08:41,984 INFO [long-pulling] client count 4

2022-08-10 00:08:41,984 INFO groupCount = 115, subscriberClientCount = 0, subscriberCount = 0

2022-08-10 00:08:41,986 INFO toNotifyTaskSize = 0

2022-08-10 00:08:41,989 INFO toClientNotifyTaskSize = 0

2022-08-10 00:08:51,988 INFO [long-pulling] client count 4

2022-08-10 00:08:51,988 INFO groupCount = 115, subscriberClientCount = 0, subscriberCount = 0

2022-08-10 00:08:51,991 INFO toNotifyTaskSize = 0

2022-08-10 00:08:51,995 INFO toClientNotifyTaskSize = 0

2022-08-10 00:09:01,995 INFO [long-pulling] client count 4

2022-08-10 00:09:01,995 INFO groupCount = 115, subscriberClientCount = 0, subscriberCount = 0

2022-08-10 00:09:01,997 INFO toNotifyTaskSize = 0

2022-08-10 00:09:02,000 INFO toClientNotifyTaskSize = 0

2022-08-10 00:09:12,001 INFO groupCount = 115, subscriberClientCount = 0, subscriberCount = 0

2022-08-10 00:09:12,001 INFO toNotifyTaskSize = 0

2022-08-10 00:09:12,005 INFO toClientNotifyTaskSize = 0

2022-08-10 00:09:12,001 INFO [long-pulling] client count 4

2022-08-10 00:09:22,007 INFO [long-pulling] client count 4

2022-08-10 00:09:22,005 INFO groupCount = 115, subscriberClientCount = 0, subscriberCount = 0

2022-08-10 00:09:22,007 INFO toNotifyTaskSize = 0

2022-08-10 00:09:22,012 INFO toClientNotifyTaskSize = 0

2022-08-10 00:09:32,009 INFO [long-pulling] client count 4

2022-08-10 00:09:32,010 INFO groupCount = 115, subscriberClientCount = 0, subscriberCount = 0

2022-08-10 00:09:32,013 INFO toNotifyTaskSize = 0

2022-08-10 00:09:32,016 INFO toClientNotifyTaskSize = 0

2022-08-10 00:09:42,016 INFO groupCount = 115, subscriberClientCount = 0, subscriberCount = 0

2022-08-10 00:09:42,017 INFO toNotifyTaskSize = 0

2022-08-10 00:09:42,021 INFO toClientNotifyTaskSize = 0

2022-08-10 00:09:42,016 INFO [long-pulling] client count 4

2022-08-10 00:09:52,020 INFO groupCount = 115, subscriberClientCount = 0, subscriberCount = 0

2022-08-10 00:09:52,023 INFO [long-pulling] client count 4

2022-08-10 00:09:52,022 INFO toNotifyTaskSize = 0

2022-08-10 00:09:52,025 INFO toClientNotifyTaskSize = 0

2022-08-10 00:10:02,024 INFO groupCount = 115, subscriberClientCount = 0, subscriberCount = 0

2022-08-10 00:10:02,027 INFO toNotifyTaskSize = 0

2022-08-10 00:10:02,028 INFO toClientNotifyTaskSize = 0

2022-08-10 00:10:02,024 INFO [long-pulling] client count 4

2022-08-10 00:10:12,027 INFO groupCount = 115, subscriberClientCount = 0, subscriberCount = 0

2022-08-10 00:10:12,030 INFO toNotifyTaskSize = 0

2022-08-10 00:10:12,031 INFO [long-pulling] client count 4

2022-08-10 00:10:12,032 INFO toClientNotifyTaskSize = 0

2022-08-10 00:10:22,031 INFO groupCount = 115, subscriberClientCount = 0, subscriberCount = 0

2022-08-10 00:10:22,034 INFO [long-pulling] client count 4

2022-08-10 00:10:22,035 INFO toNotifyTaskSize = 0

2022-08-10 00:10:22,037 INFO toClientNotifyTaskSize = 0

2022-08-10 00:10:32,035 INFO groupCount = 115, subscriberClientCount = 0, subscriberCount = 0

2022-08-10 00:10:32,036 INFO [long-pulling] client count 4

2022-08-10 00:10:32,039 INFO toNotifyTaskSize = 0

2022-08-10 00:10:32,040 INFO toClientNotifyTaskSize = 0

2022-08-10 00:10:42,040 INFO [long-pulling] client count 4

2022-08-10 00:10:42,041 INFO toNotifyTaskSize = 0

2022-08-10 00:10:42,045 INFO toClientNotifyTaskSize = 0

2022-08-10 00:10:42,040 INFO groupCount = 115, subscriberClientCount = 0, subscriberCount = 0

2022-08-10 00:10:52,044 INFO [long-pulling] client count 4

2022-08-10 00:10:52,048 INFO toNotifyTaskSize = 0

2022-08-10 00:10:52,049 INFO groupCount = 115, subscriberClientCount = 0, subscriberCount = 0

2022-08-10 00:10:52,049 INFO toClientNotifyTaskSize = 0

2022-08-10 00:11:02,051 INFO [long-pulling] client count 4

2022-08-10 00:11:02,051 INFO toNotifyTaskSize = 0

2022-08-10 00:11:02,051 INFO groupCount = 115, subscriberClientCount = 0, subscriberCount = 0

2022-08-10 00:11:02,056 INFO toClientNotifyTaskSize = 0

2022-08-10 00:11:12,055 INFO [long-pulling] client count 4

2022-08-10 00:11:12,057 INFO groupCount = 115, subscriberClientCount = 0, subscriberCount = 0

2022-08-10 00:11:12,058 INFO toNotifyTaskSize = 0

2022-08-10 00:11:12,060 INFO toClientNotifyTaskSize = 0

2022-08-10 00:11:22,070 INFO [long-pulling] client count 4

2022-08-10 00:11:22,070 INFO toNotifyTaskSize = 0

2022-08-10 00:11:22,074 INFO toClientNotifyTaskSize = 0

2022-08-10 00:11:22,070 INFO groupCount = 115, subscriberClientCount = 0, subscriberCount = 0

2022-08-10 00:11:32,073 INFO [long-pulling] client count 4

2022-08-10 00:11:32,075 INFO toNotifyTaskSize = 0

2022-08-10 00:11:32,078 INFO toClientNotifyTaskSize = 0

2022-08-10 00:11:32,077 INFO groupCount = 115, subscriberClientCount = 0, subscriberCount = 0

2022-08-10 00:11:42,078 INFO [long-pulling] client count 4

2022-08-10 00:11:42,080 INFO toNotifyTaskSize = 0

2022-08-10 00:11:42,083 INFO toClientNotifyTaskSize = 0

2022-08-10 00:11:42,081 INFO groupCount = 115, subscriberClientCount = 0, subscriberCount = 0

2022-08-10 00:11:52,086 INFO [long-pulling] client count 4

2022-08-10 00:11:52,088 INFO groupCount = 115, subscriberClientCount = 0, subscriberCount = 0

2022-08-10 00:11:52,086 INFO toNotifyTaskSize = 0

2022-08-10 00:11:52,093 INFO toClientNotifyTaskSize = 0

2022-08-10 00:12:02,092 INFO groupCount = 115, subscriberClientCount = 0, subscriberCount = 0

2022-08-10 00:12:02,092 INFO [long-pulling] client count 4

2022-08-10 00:12:02,094 INFO toNotifyTaskSize = 0

2022-08-10 00:12:02,098 INFO toClientNotifyTaskSize = 0

2022-08-10 00:12:12,097 INFO [long-pulling] client count 4

2022-08-10 00:12:12,098 INFO groupCount = 115, subscriberClientCount = 0, subscriberCount = 0

2022-08-10 00:12:12,099 INFO toNotifyTaskSize = 0

2022-08-10 00:12:12,103 INFO toClientNotifyTaskSize = 0

2022-08-10 00:12:22,107 INFO [long-pulling] client count 4

2022-08-10 00:12:22,107 INFO toNotifyTaskSize = 0

2022-08-10 00:12:22,112 INFO toClientNotifyTaskSize = 0

2022-08-10 00:12:22,107 INFO groupCount = 115, subscriberClientCount = 0, subscriberCount = 0

2022-08-10 00:12:32,110 INFO [long-pulling] client count 4

2022-08-10 00:12:32,113 INFO toNotifyTaskSize = 0

2022-08-10 00:12:32,115 INFO toClientNotifyTaskSize = 0

2022-08-10 00:12:32,114 INFO groupCount = 115, subscriberClientCount = 0, subscriberCount = 0

2022-08-10 00:12:42,112 INFO [long-pulling] client count 4

2022-08-10 00:12:42,116 INFO toNotifyTaskSize = 0

2022-08-10 00:12:42,117 INFO toClientNotifyTaskSize = 0

2022-08-10 00:12:42,117 INFO groupCount = 115, subscriberClientCount = 0, subscriberCount = 0

2022-08-10 00:12:52,116 INFO [long-pulling] client count 4

2022-08-10 00:12:52,118 INFO toNotifyTaskSize = 0

2022-08-10 00:12:52,122 INFO toClientNotifyTaskSize = 0

2022-08-10 00:12:52,119 INFO groupCount = 115, subscriberClientCount = 0, subscriberCount = 0

2022-08-10 00:13:02,124 INFO [long-pulling] client count 4

2022-08-10 00:13:02,126 INFO groupCount = 115, subscriberClientCount = 0, subscriberCount = 0

2022-08-10 00:13:02,124 INFO toNotifyTaskSize = 0

2022-08-10 00:13:02,130 INFO toClientNotifyTaskSize = 0

2022-08-10 00:13:12,129 INFO groupCount = 115, subscriberClientCount = 0, subscriberCount = 0

2022-08-10 00:13:12,132 INFO toNotifyTaskSize = 0

2022-08-10 00:13:12,133 INFO toClientNotifyTaskSize = 0

2022-08-10 00:13:12,128 INFO [long-pulling] client count 4

2022-08-10 00:13:22,133 INFO groupCount = 115, subscriberClientCount = 0, subscriberCount = 0

2022-08-10 00:13:22,135 INFO toNotifyTaskSize = 0

2022-08-10 00:13:22,137 INFO toClientNotifyTaskSize = 0

2022-08-10 00:13:22,136 INFO [long-pulling] client count 4

2022-08-10 00:13:32,138 INFO groupCount = 115, subscriberClientCount = 0, subscriberCount = 0

2022-08-10 00:13:32,139 INFO toNotifyTaskSize = 0

2022-08-10 00:13:32,142 INFO toClientNotifyTaskSize = 0

2022-08-10 00:13:32,140 INFO [long-pulling] client count 4

2022-08-10 00:13:42,141 INFO groupCount = 115, subscriberClientCount = 0, subscriberCount = 0

2022-08-10 00:13:42,144 INFO toNotifyTaskSize = 0

2022-08-10 00:13:42,145 INFO toClientNotifyTaskSize = 0

2022-08-10 00:13:42,144 INFO [long-pulling] client count 4

2022-08-10 00:13:52,144 INFO groupCount = 115, subscriberClientCount = 0, subscriberCount = 0

2022-08-10 00:13:52,147 INFO toNotifyTaskSize = 0

2022-08-10 00:13:52,150 INFO toClientNotifyTaskSize = 0

2022-08-10 00:13:52,148 INFO [long-pulling] client count 4

2022-08-10 00:14:02,152 INFO groupCount = 115, subscriberClientCount = 0, subscriberCount = 0

2022-08-10 00:14:02,152 INFO [long-pulling] client count 4

2022-08-10 00:14:02,152 INFO toNotifyTaskSize = 0

2022-08-10 00:14:02,157 INFO toClientNotifyTaskSize = 0

2022-08-10 00:14:12,157 INFO [long-pulling] client count 4

2022-08-10 00:14:12,158 INFO toNotifyTaskSize = 0

2022-08-10 00:14:12,162 INFO toClientNotifyTaskSize = 0

2022-08-10 00:14:12,158 INFO groupCount = 115, subscriberClientCount = 0, subscriberCount = 0

2022-08-10 00:14:22,161 INFO [long-pulling] client count 4

2022-08-10 00:14:22,165 INFO toNotifyTaskSize = 0

2022-08-10 00:14:22,167 INFO toClientNotifyTaskSize = 0

2022-08-10 00:14:22,166 INFO groupCount = 115, subscriberClientCount = 0, subscriberCount = 0

2022-08-10 00:14:32,168 INFO [long-pulling] client count 4

2022-08-10 00:14:32,168 INFO toNotifyTaskSize = 0

2022-08-10 00:14:32,171 INFO toClientNotifyTaskSize = 0

2022-08-10 00:14:32,169 INFO groupCount = 115, subscriberClientCount = 0, subscriberCount = 0

2022-08-10 00:14:42,176 INFO [long-pulling] client count 4

2022-08-10 00:14:42,176 INFO groupCount = 115, subscriberClientCount = 0, subscriberCount = 0

2022-08-10 00:14:42,176 INFO toNotifyTaskSize = 0

2022-08-10 00:14:42,184 INFO toClientNotifyTaskSize = 0

2022-08-10 00:14:52,183 INFO [long-pulling] client count 4

2022-08-10 00:14:52,183 INFO groupCount = 115, subscriberClientCount = 0, subscriberCount = 0

2022-08-10 00:14:52,185 INFO toNotifyTaskSize = 0

2022-08-10 00:14:52,189 INFO toClientNotifyTaskSize = 0

2022-08-10 00:15:02,187 INFO [long-pulling] client count 4

2022-08-10 00:15:02,188 INFO groupCount = 115, subscriberClientCount = 0, subscriberCount = 0

2022-08-10 00:15:02,190 INFO toNotifyTaskSize = 0

2022-08-10 00:15:02,190 INFO toClientNotifyTaskSize = 0

2022-08-10 00:15:12,193 INFO [long-pulling] client count 4

2022-08-10 00:15:12,193 INFO toNotifyTaskSize = 0

2022-08-10 00:15:12,197 INFO toClientNotifyTaskSize = 0

2022-08-10 00:15:12,193 INFO groupCount = 115, subscriberClientCount = 0, subscriberCount = 0

2022-08-10 00:15:22,200 INFO groupCount = 115, subscriberClientCount = 0, subscriberCount = 0

2022-08-10 00:15:22,200 INFO toNotifyTaskSize = 0

2022-08-10 00:15:22,205 INFO toClientNotifyTaskSize = 0

2022-08-10 00:15:22,199 INFO [long-pulling] client count 4

2022-08-10 00:15:32,204 INFO groupCount = 115, subscriberClientCount = 0, subscriberCount = 0

2022-08-10 00:15:32,206 INFO toNotifyTaskSize = 0

2022-08-10 00:15:32,210 INFO toClientNotifyTaskSize = 0

2022-08-10 00:15:32,207 INFO [long-pulling] client count 4

2022-08-10 00:15:42,207 INFO groupCount = 115, subscriberClientCount = 0, subscriberCount = 0

2022-08-10 00:15:42,211 INFO toNotifyTaskSize = 0

2022-08-10 00:15:42,212 INFO toClientNotifyTaskSize = 0

2022-08-10 00:15:42,212 INFO [long-pulling] client count 4

2022-08-10 00:15:52,216 INFO [long-pulling] client count 4

2022-08-10 00:15:52,213 INFO groupCount = 115, subscriberClientCount = 0, subscriberCount = 0

2022-08-10 00:15:52,214 INFO toNotifyTaskSize = 0

2022-08-10 00:15:52,221 INFO toClientNotifyTaskSize = 0

2022-08-10 00:16:02,219 INFO [long-pulling] client count 4

2022-08-10 00:16:02,219 INFO groupCount = 115, subscriberClientCount = 0, subscriberCount = 0

2022-08-10 00:16:02,222 INFO toNotifyTaskSize = 0

2022-08-10 00:16:02,225 INFO toClientNotifyTaskSize = 0

2022-08-10 00:16:12,222 INFO [long-pulling] client count 4

2022-08-10 00:16:12,223 INFO groupCount = 115, subscriberClientCount = 0, subscriberCount = 0

2022-08-10 00:16:12,227 INFO toNotifyTaskSize = 0

2022-08-10 00:16:12,228 INFO toClientNotifyTaskSize = 0

2022-08-10 00:16:22,229 INFO [long-pulling] client count 4

2022-08-10 00:16:22,230 INFO toNotifyTaskSize = 0

2022-08-10 00:16:22,233 INFO toClientNotifyTaskSize = 0

2022-08-10 00:16:22,229 INFO groupCount = 115, subscriberClientCount = 0, subscriberCount = 0

2022-08-10 00:16:32,233 INFO [long-pulling] client count 4

2022-08-10 00:16:32,235 INFO toNotifyTaskSize = 0

2022-08-10 00:16:32,238 INFO toClientNotifyTaskSize = 0

2022-08-10 00:16:32,236 INFO groupCount = 115, subscriberClientCount = 0, subscriberCount = 0

2022-08-10 00:16:42,240 INFO [long-pulling] client count 4

2022-08-10 00:16:42,240 INFO groupCount = 115, subscriberClientCount = 0, subscriberCount = 0

2022-08-10 00:16:42,240 INFO toNotifyTaskSize = 0

2022-08-10 00:16:42,244 INFO toClientNotifyTaskSize = 0

2022-08-10 00:16:52,242 INFO [long-pulling] client count 4

2022-08-10 00:16:52,244 INFO groupCount = 115, subscriberClientCount = 0, subscriberCount = 0

2022-08-10 00:16:52,245 INFO toNotifyTaskSize = 0

2022-08-10 00:16:52,247 INFO toClientNotifyTaskSize = 0

2022-08-10 00:17:02,246 INFO [long-pulling] client count 4

2022-08-10 00:17:02,246 INFO groupCount = 115, subscriberClientCount = 0, subscriberCount = 0

2022-08-10 00:17:02,249 INFO toNotifyTaskSize = 0

2022-08-10 00:17:02,252 INFO toClientNotifyTaskSize = 0

2022-08-10 00:17:12,253 INFO [long-pulling] client count 4

2022-08-10 00:17:12,254 INFO toNotifyTaskSize = 0

2022-08-10 00:17:12,257 INFO toClientNotifyTaskSize = 0

2022-08-10 00:17:12,253 INFO groupCount = 115, subscriberClientCount = 0, subscriberCount = 0

2022-08-10 00:17:22,257 INFO [long-pulling] client count 4

2022-08-10 00:17:22,259 INFO toNotifyTaskSize = 0

2022-08-10 00:17:22,260 INFO toClientNotifyTaskSize = 0

2022-08-10 00:17:22,261 INFO groupCount = 115, subscriberClientCount = 0, subscriberCount = 0

2022-08-10 00:17:32,262 INFO [long-pulling] client count 4

2022-08-10 00:17:32,263 INFO groupCount = 115, subscriberClientCount = 0, subscriberCount = 0

2022-08-10 00:17:32,262 INFO toNotifyTaskSize = 0

2022-08-10 00:17:32,270 INFO toClientNotifyTaskSize = 0

2022-08-10 00:17:42,267 INFO [long-pulling] client count 4

2022-08-10 00:17:42,269 INFO groupCount = 115, subscriberClientCount = 0, subscriberCount = 0

2022-08-10 00:17:42,271 INFO toNotifyTaskSize = 0

2022-08-10 00:17:42,272 INFO toClientNotifyTaskSize = 0

2022-08-10 00:17:52,270 INFO [long-pulling] client count 4

2022-08-10 00:17:52,271 INFO groupCount = 115, subscriberClientCount = 0, subscriberCount = 0

2022-08-10 00:17:52,274 INFO toNotifyTaskSize = 0

2022-08-10 00:17:52,277 INFO toClientNotifyTaskSize = 0

2022-08-10 00:18:02,274 INFO [long-pulling] client count 4

2022-08-10 00:18:02,276 INFO groupCount = 115, subscriberClientCount = 0, subscriberCount = 0

2022-08-10 00:18:02,278 INFO toNotifyTaskSize = 0

2022-08-10 00:18:02,280 INFO toClientNotifyTaskSize = 0

2022-08-10 00:18:12,277 INFO [long-pulling] client count 4

2022-08-10 00:18:12,279 INFO groupCount = 115, subscriberClientCount = 0, subscriberCount = 0

2022-08-10 00:18:12,281 INFO toNotifyTaskSize = 0

2022-08-10 00:18:12,284 INFO toClientNotifyTaskSize = 0

2022-08-10 00:18:22,283 INFO [long-pulling] client count 4

2022-08-10 00:18:22,286 INFO toNotifyTaskSize = 0

2022-08-10 00:18:22,288 INFO toClientNotifyTaskSize = 0

2022-08-10 00:18:22,284 INFO groupCount = 115, subscriberClientCount = 0, subscriberCount = 0

2022-08-10 00:18:32,289 INFO [long-pulling] client count 4

2022-08-10 00:18:32,291 INFO groupCount = 115, subscriberClientCount = 0, subscriberCount = 0

2022-08-10 00:18:32,290 INFO toNotifyTaskSize = 0

2022-08-10 00:18:32,294 INFO toClientNotifyTaskSize = 0

2022-08-10 00:18:42,297 INFO [long-pulling] client count 4

2022-08-10 00:18:42,297 INFO toNotifyTaskSize = 0

2022-08-10 00:18:42,303 INFO toClientNotifyTaskSize = 0

2022-08-10 00:18:42,297 INFO groupCount = 115, subscriberClientCount = 0, subscriberCount = 0

2022-08-10 00:18:52,305 INFO toNotifyTaskSize = 0

2022-08-10 00:18:52,309 INFO toClientNotifyTaskSize = 0

2022-08-10 00:18:52,306 INFO groupCount = 115, subscriberClientCount = 0, subscriberCount = 0

2022-08-10 00:18:52,305 INFO [long-pulling] client count 4

2022-08-10 00:19:02,311 INFO toNotifyTaskSize = 0

2022-08-10 00:19:02,313 INFO toClientNotifyTaskSize = 0

2022-08-10 00:19:02,311 INFO groupCount = 115, subscriberClientCount = 0, subscriberCount = 0

2022-08-10 00:19:02,313 INFO [long-pulling] client count 4

2022-08-10 00:19:12,316 INFO toNotifyTaskSize = 0

2022-08-10 00:19:12,320 INFO toClientNotifyTaskSize = 0

2022-08-10 00:19:12,316 INFO [long-pulling] client count 4

2022-08-10 00:19:12,316 INFO groupCount = 115, subscriberClientCount = 0, subscriberCount = 0

2022-08-10 00:19:22,324 INFO [long-pulling] client count 4

2022-08-10 00:19:22,325 INFO groupCount = 115, subscriberClientCount = 0, subscriberCount = 0

2022-08-10 00:19:22,324 INFO toNotifyTaskSize = 0

2022-08-10 00:19:22,331 INFO toClientNotifyTaskSize = 0

2022-08-10 00:19:32,328 INFO [long-pulling] client count 4

2022-08-10 00:19:32,330 INFO groupCount = 115, subscriberClientCount = 0, subscriberCount = 0

2022-08-10 00:19:32,332 INFO toNotifyTaskSize = 0

2022-08-10 00:19:32,336 INFO toClientNotifyTaskSize = 0

2022-08-10 00:19:42,333 INFO [long-pulling] client count 4

2022-08-10 00:19:42,334 INFO groupCount = 115, subscriberClientCount = 0, subscriberCount = 0

2022-08-10 00:19:42,338 INFO toNotifyTaskSize = 0

2022-08-10 00:19:42,339 INFO toClientNotifyTaskSize = 0

2022-08-10 00:19:52,335 INFO [long-pulling] client count 4

2022-08-10 00:19:52,337 INFO groupCount = 115, subscriberClientCount = 0, subscriberCount = 0

2022-08-10 00:19:52,341 INFO toNotifyTaskSize = 0

2022-08-10 00:19:52,343 INFO toClientNotifyTaskSize = 0

2022-08-10 00:20:02,341 INFO groupCount = 115, subscriberClientCount = 0, subscriberCount = 0

2022-08-10 00:20:02,341 INFO [long-pulling] client count 4

2022-08-10 00:20:02,344 INFO toNotifyTaskSize = 0

2022-08-10 00:20:02,347 INFO toClientNotifyTaskSize = 0

2022-08-10 00:20:12,345 INFO groupCount = 115, subscriberClientCount = 0, subscriberCount = 0

2022-08-10 00:20:12,346 INFO [long-pulling] client count 4

2022-08-10 00:20:12,349 INFO toNotifyTaskSize = 0

2022-08-10 00:20:12,351 INFO toClientNotifyTaskSize = 0

2022-08-10 00:20:22,350 INFO [long-pulling] client count 4

2022-08-10 00:20:22,348 INFO groupCount = 115, subscriberClientCount = 0, subscriberCount = 0

2022-08-10 00:20:22,352 INFO toNotifyTaskSize = 0

2022-08-10 00:20:22,354 INFO toClientNotifyTaskSize = 0

2022-08-10 00:20:32,354 INFO [long-pulling] client count 4

2022-08-10 00:20:32,355 INFO toNotifyTaskSize = 0

2022-08-10 00:20:32,359 INFO toClientNotifyTaskSize = 0

2022-08-10 00:20:32,354 INFO groupCount = 115, subscriberClientCount = 0, subscriberCount = 0

2022-08-10 00:20:42,358 INFO [long-pulling] client count 4

2022-08-10 00:20:42,360 INFO toNotifyTaskSize = 0

2022-08-10 00:20:42,364 INFO toClientNotifyTaskSize = 0

2022-08-10 00:20:42,361 INFO groupCount = 115, subscriberClientCount = 0, subscriberCount = 0

2022-08-10 00:20:52,365 INFO [long-pulling] client count 4

2022-08-10 00:20:52,367 INFO groupCount = 115, subscriberClientCount = 0, subscriberCount = 0

2022-08-10 00:20:52,366 INFO toNotifyTaskSize = 0

2022-08-10 00:20:52,372 INFO toClientNotifyTaskSize = 0

2022-08-10 00:21:02,369 INFO [long-pulling] client count 4

2022-08-10 00:21:02,371 INFO groupCount = 115, subscriberClientCount = 0, subscriberCount = 0

2022-08-10 00:21:02,373 INFO toNotifyTaskSize = 0

2022-08-10 00:21:02,374 INFO toClientNotifyTaskSize = 0

2022-08-10 00:21:12,374 INFO [long-pulling] client count 4

2022-08-10 00:21:12,374 INFO groupCount = 115, subscriberClientCount = 0, subscriberCount = 0

2022-08-10 00:21:12,375 INFO toNotifyTaskSize = 0

2022-08-10 00:21:12,380 INFO toClientNotifyTaskSize = 0

2022-08-10 00:21:22,379 INFO groupCount = 115, subscriberClientCount = 0, subscriberCount = 0

2022-08-10 00:21:22,379 INFO [long-pulling] client count 4

2022-08-10 00:21:22,382 INFO toNotifyTaskSize = 0

2022-08-10 00:21:22,383 INFO toClientNotifyTaskSize = 0

2022-08-10 00:21:32,381 INFO groupCount = 115, subscriberClientCount = 0, subscriberCount = 0

2022-08-10 00:21:32,385 INFO toNotifyTaskSize = 0

2022-08-10 00:21:32,386 INFO toClientNotifyTaskSize = 0

2022-08-10 00:21:32,382 INFO [long-pulling] client count 4

2022-08-10 00:21:42,386 INFO groupCount = 115, subscriberClientCount = 0, subscriberCount = 0

2022-08-10 00:21:42,388 INFO [long-pulling] client count 4

2022-08-10 00:21:42,387 INFO toNotifyTaskSize = 0

2022-08-10 00:21:42,392 INFO toClientNotifyTaskSize = 0

2022-08-10 00:21:52,391 INFO groupCount = 115, subscriberClientCount = 0, subscriberCount = 0

2022-08-10 00:21:52,392 INFO [long-pulling] client count 4

2022-08-10 00:21:52,394 INFO toNotifyTaskSize = 0

2022-08-10 00:21:52,397 INFO toClientNotifyTaskSize = 0

2022-08-10 00:22:02,398 INFO groupCount = 115, subscriberClientCount = 0, subscriberCount = 0

2022-08-10 00:22:02,398 INFO toNotifyTaskSize = 0

2022-08-10 00:22:02,403 INFO toClientNotifyTaskSize = 0

2022-08-10 00:22:02,398 INFO [long-pulling] client count 4

2022-08-10 00:22:12,403 INFO groupCount = 115, subscriberClientCount = 0, subscriberCount = 0

2022-08-10 00:22:12,406 INFO [long-pulling] client count 4

2022-08-10 00:22:12,404 INFO toNotifyTaskSize = 0

2022-08-10 00:22:12,409 INFO toClientNotifyTaskSize = 0

2022-08-10 00:22:22,409 INFO groupCount = 115, subscriberClientCount = 0, subscriberCount = 0

2022-08-10 00:22:22,410 INFO toNotifyTaskSize = 0

2022-08-10 00:22:22,414 INFO toClientNotifyTaskSize = 0

2022-08-10 00:22:22,409 INFO [long-pulling] client count 4

2022-08-10 00:22:32,416 INFO groupCount = 115, subscriberClientCount = 0, subscriberCount = 0

2022-08-10 00:22:32,417 INFO [long-pulling] client count 4

2022-08-10 00:22:32,416 INFO toNotifyTaskSize = 0

2022-08-10 00:22:32,420 INFO toClientNotifyTaskSize = 0

2022-08-10 00:22:42,420 INFO [long-pulling] client count 4

2022-08-10 00:22:42,419 INFO groupCount = 115, subscriberClientCount = 0, subscriberCount = 0

2022-08-10 00:22:42,421 INFO toNotifyTaskSize = 0

2022-08-10 00:22:42,424 INFO toClientNotifyTaskSize = 0

2022-08-10 00:22:52,423 INFO [long-pulling] client count 4

2022-08-10 00:22:52,424 INFO groupCount = 115, subscriberClientCount = 0, subscriberCount = 0

2022-08-10 00:22:52,426 INFO toNotifyTaskSize = 0

2022-08-10 00:22:52,430 INFO toClientNotifyTaskSize = 0

2022-08-10 00:23:02,428 INFO [long-pulling] client count 4

2022-08-10 00:23:02,429 INFO groupCount = 115, subscriberClientCount = 0, subscriberCount = 0

2022-08-10 00:23:02,432 INFO toNotifyTaskSize = 0

2022-08-10 00:23:02,433 INFO toClientNotifyTaskSize = 0

2022-08-10 00:23:12,436 INFO [long-pulling] client count 4

2022-08-10 00:23:12,441 INFO toNotifyTaskSize = 0

2022-08-10 00:23:12,476 INFO toClientNotifyTaskSize = 0

2022-08-10 00:23:12,440 INFO groupCount = 115, subscriberClientCount = 0, subscriberCount = 0

2022-08-10 00:23:22,473 INFO [long-pulling] client count 4

2022-08-10 00:23:22,479 INFO toNotifyTaskSize = 0

2022-08-10 00:23:22,480 INFO toClientNotifyTaskSize = 0

2022-08-10 00:23:22,481 INFO groupCount = 115, subscriberClientCount = 0, subscriberCount = 0

2022-08-10 00:23:32,478 INFO [long-pulling] client count 4

2022-08-10 00:23:32,482 INFO toNotifyTaskSize = 0

2022-08-10 00:23:32,484 INFO toClientNotifyTaskSize = 0

2022-08-10 00:23:32,483 INFO groupCount = 115, subscriberClientCount = 0, subscriberCount = 0

2022-08-10 00:23:42,484 INFO toNotifyTaskSize = 0

2022-08-10 00:23:42,488 INFO toClientNotifyTaskSize = 0

2022-08-10 00:23:42,485 INFO [long-pulling] client count 4

2022-08-10 00:23:42,486 INFO groupCount = 115, subscriberClientCount = 0, subscriberCount = 0

2022-08-10 00:23:52,489 INFO toNotifyTaskSize = 0

2022-08-10 00:23:52,493 INFO toClientNotifyTaskSize = 0

2022-08-10 00:23:52,490 INFO [long-pulling] client count 4

2022-08-10 00:23:52,492 INFO groupCount = 115, subscriberClientCount = 0, subscriberCount = 0

2022-08-10 00:24:02,496 INFO [long-pulling] client count 4

2022-08-10 00:24:02,496 INFO groupCount = 115, subscriberClientCount = 0, subscriberCount = 0

2022-08-10 00:24:02,496 INFO toNotifyTaskSize = 0

2022-08-10 00:24:02,502 INFO toClientNotifyTaskSize = 0

2022-08-10 00:24:12,500 INFO [long-pulling] client count 4

2022-08-10 00:24:12,501 INFO groupCount = 115, subscriberClientCount = 0, subscriberCount = 0

2022-08-10 00:24:12,503 INFO toNotifyTaskSize = 0

2022-08-10 00:24:12,519 INFO toClientNotifyTaskSize = 0

2022-08-10 00:24:22,519 INFO [long-pulling] client count 4

2022-08-10 00:24:22,520 INFO toNotifyTaskSize = 0

2022-08-10 00:24:22,525 INFO toClientNotifyTaskSize = 0

2022-08-10 00:24:22,519 INFO groupCount = 115, subscriberClientCount = 0, subscriberCount = 0

2022-08-10 00:24:32,526 INFO [long-pulling] client count 4

2022-08-10 00:24:32,527 INFO groupCount = 115, subscriberClientCount = 0, subscriberCount = 0

2022-08-10 00:24:32,526 INFO toNotifyTaskSize = 0

2022-08-10 00:24:32,533 INFO toClientNotifyTaskSize = 0

2022-08-10 00:24:42,530 INFO [long-pulling] client count 4

2022-08-10 00:24:42,532 INFO groupCount = 115, subscriberClientCount = 0, subscriberCount = 0

2022-08-10 00:24:42,535 INFO toNotifyTaskSize = 0

2022-08-10 00:24:42,536 INFO toClientNotifyTaskSize = 0

2022-08-10 00:24:52,534 INFO [long-pulling] client count 4

2022-08-10 00:24:52,535 INFO groupCount = 115, subscriberClientCount = 0, subscriberCount = 0

2022-08-10 00:24:52,537 INFO toNotifyTaskSize = 0

2022-08-10 00:24:52,540 INFO toClientNotifyTaskSize = 0

2022-08-10 00:25:02,539 INFO [long-pulling] client count 4

2022-08-10 00:25:02,539 INFO groupCount = 115, subscriberClientCount = 0, subscriberCount = 0

2022-08-10 00:25:02,542 INFO toNotifyTaskSize = 0

2022-08-10 00:25:02,545 INFO toClientNotifyTaskSize = 0

2022-08-10 00:25:12,544 INFO groupCount = 115, subscriberClientCount = 0, subscriberCount = 0

2022-08-10 00:25:12,544 INFO [long-pulling] client count 4

2022-08-10 00:25:12,546 INFO toNotifyTaskSize = 0

2022-08-10 00:25:12,550 INFO toClientNotifyTaskSize = 0

2022-08-10 00:25:22,549 INFO groupCount = 115, subscriberClientCount = 0, subscriberCount = 0

2022-08-10 00:25:22,549 INFO [long-pulling] client count 4

2022-08-10 00:25:22,552 INFO toNotifyTaskSize = 0

2022-08-10 00:25:22,553 INFO toClientNotifyTaskSize = 0

2022-08-10 00:25:32,555 INFO [long-pulling] client count 4

2022-08-10 00:25:32,555 INFO toNotifyTaskSize = 0

2022-08-10 00:25:32,560 INFO toClientNotifyTaskSize = 0

2022-08-10 00:25:32,555 INFO groupCount = 115, subscriberClientCount = 0, subscriberCount = 0

2022-08-10 00:25:42,563 INFO [long-pulling] client count 4

2022-08-10 00:25:42,564 INFO groupCount = 115, subscriberClientCount = 0, subscriberCount = 0

2022-08-10 00:25:42,564 INFO toNotifyTaskSize = 0

2022-08-10 00:25:42,572 INFO toClientNotifyTaskSize = 0

2022-08-10 00:25:52,570 INFO groupCount = 115, subscriberClientCount = 0, subscriberCount = 0

2022-08-10 00:25:52,573 INFO toNotifyTaskSize = 0

2022-08-10 00:25:52,576 INFO toClientNotifyTaskSize = 0

2022-08-10 00:25:52,571 INFO [long-pulling] client count 4

2022-08-10 00:26:02,576 INFO groupCount = 115, subscriberClientCount = 0, subscriberCount = 0

2022-08-10 00:26:02,578 INFO toNotifyTaskSize = 0

2022-08-10 00:26:02,582 INFO toClientNotifyTaskSize = 0

2022-08-10 00:26:02,579 INFO [long-pulling] client count 4

2022-08-10 00:26:12,580 INFO groupCount = 115, subscriberClientCount = 0, subscriberCount = 0

2022-08-10 00:26:12,583 INFO toNotifyTaskSize = 0

2022-08-10 00:26:12,584 INFO toClientNotifyTaskSize = 0

2022-08-10 00:26:12,585 INFO [long-pulling] client count 4

2022-08-10 00:26:22,584 INFO groupCount = 115, subscriberClientCount = 0, subscriberCount = 0

2022-08-10 00:26:22,587 INFO [long-pulling] client count 4

2022-08-10 00:26:22,586 INFO toNotifyTaskSize = 0

2022-08-10 00:26:22,590 INFO toClientNotifyTaskSize = 0

2022-08-10 00:26:32,588 INFO groupCount = 115, subscriberClientCount = 0, subscriberCount = 0

2022-08-10 00:26:32,590 INFO [long-pulling] client count 4

2022-08-10 00:26:32,592 INFO toNotifyTaskSize = 0

2022-08-10 00:26:32,595 INFO toClientNotifyTaskSize = 0

2022-08-10 00:26:42,594 INFO groupCount = 115, subscriberClientCount = 0, subscriberCount = 0

2022-08-10 00:26:42,594 INFO [long-pulling] client count 4

2022-08-10 00:26:42,597 INFO toNotifyTaskSize = 0

2022-08-10 00:26:42,600 INFO toClientNotifyTaskSize = 0

2022-08-10 00:26:52,599 INFO [long-pulling] client count 4

2022-08-10 00:26:52,598 INFO groupCount = 115, subscriberClientCount = 0, subscriberCount = 0

2022-08-10 00:26:52,601 INFO toNotifyTaskSize = 0

2022-08-10 00:26:52,604 INFO toClientNotifyTaskSize = 0

2022-08-10 00:27:02,603 INFO groupCount = 115, subscriberClientCount = 0, subscriberCount = 0

2022-08-10 00:27:02,603 INFO [long-pulling] client count 4

2022-08-10 00:27:02,606 INFO toNotifyTaskSize = 0

2022-08-10 00:27:02,610 INFO toClientNotifyTaskSize = 0

2022-08-10 00:27:12,611 INFO toNotifyTaskSize = 0

2022-08-10 00:27:12,614 INFO toClientNotifyTaskSize = 0

2022-08-10 00:27:12,609 INFO [long-pulling] client count 4

2022-08-10 00:27:12,609 INFO groupCount = 115, subscriberClientCount = 0, subscriberCount = 0

2022-08-10 00:27:22,616 INFO [long-pulling] client count 4

2022-08-10 00:27:22,617 INFO groupCount = 115, subscriberClientCount = 0, subscriberCount = 0

2022-08-10 00:27:22,617 INFO toNotifyTaskSize = 0

2022-08-10 00:27:22,622 INFO toClientNotifyTaskSize = 0

2022-08-10 00:27:32,621 INFO groupCount = 115, subscriberClientCount = 0, subscriberCount = 0

2022-08-10 00:27:32,621 INFO [long-pulling] client count 4

2022-08-10 00:27:32,623 INFO toNotifyTaskSize = 0

2022-08-10 00:27:32,626 INFO toClientNotifyTaskSize = 0

2022-08-10 00:27:42,625 INFO [long-pulling] client count 4

2022-08-10 00:27:42,628 INFO toNotifyTaskSize = 0

2022-08-10 00:27:42,630 INFO toClientNotifyTaskSize = 0

2022-08-10 00:27:42,625 INFO groupCount = 115, subscriberClientCount = 0, subscriberCount = 0

2022-08-10 00:27:52,634 INFO [long-pulling] client count 4

2022-08-10 00:27:52,634 INFO groupCount = 115, subscriberClientCount = 0, subscriberCount = 0

2022-08-10 00:27:52,634 INFO toNotifyTaskSize = 0

2022-08-10 00:27:52,642 INFO toClientNotifyTaskSize = 0

2022-08-10 00:28:02,644 INFO [long-pulling] client count 4

2022-08-10 00:28:02,645 INFO toNotifyTaskSize = 0

2022-08-10 00:28:02,649 INFO toClientNotifyTaskSize = 0

2022-08-10 00:28:02,645 INFO groupCount = 115, subscriberClientCount = 0, subscriberCount = 0

2022-08-10 00:28:12,649 INFO [long-pulling] client count 4

2022-08-10 00:28:12,652 INFO groupCount = 115, subscriberClientCount = 0, subscriberCount = 0

2022-08-10 00:28:12,650 INFO toNotifyTaskSize = 0

2022-08-10 00:28:12,657 INFO toClientNotifyTaskSize = 0

2022-08-10 00:28:22,655 INFO [long-pulling] client count 4

2022-08-10 00:28:22,656 INFO groupCount = 115, subscriberClientCount = 0, subscriberCount = 0

2022-08-10 00:28:22,658 INFO toNotifyTaskSize = 0

2022-08-10 00:28:22,662 INFO toClientNotifyTaskSize = 0

2022-08-10 00:28:32,661 INFO groupCount = 115, subscriberClientCount = 0, subscriberCount = 0

2022-08-10 00:28:32,659 INFO [long-pulling] client count 4

2022-08-10 00:28:32,664 INFO toNotifyTaskSize = 0

2022-08-10 00:28:32,667 INFO toClientNotifyTaskSize = 0

2022-08-10 00:28:42,665 INFO groupCount = 115, subscriberClientCount = 0, subscriberCount = 0

2022-08-10 00:28:42,666 INFO [long-pulling] client count 4

2022-08-10 00:28:42,670 INFO toNotifyTaskSize = 0

2022-08-10 00:28:42,673 INFO toClientNotifyTaskSize = 0

2022-08-10 00:28:52,671 INFO groupCount = 115, subscriberClientCount = 0, subscriberCount = 0

2022-08-10 00:28:52,672 INFO [long-pulling] client count 4

2022-08-10 00:28:52,675 INFO toNotifyTaskSize = 0

2022-08-10 00:28:52,680 INFO toClientNotifyTaskSize = 0

2022-08-10 00:29:02,677 INFO groupCount = 115, subscriberClientCount = 0, subscriberCount = 0

2022-08-10 00:29:02,679 INFO [long-pulling] client count 4

2022-08-10 00:29:02,681 INFO toNotifyTaskSize = 0

2022-08-10 00:29:02,683 INFO toClientNotifyTaskSize = 0

2022-08-10 00:29:12,685 INFO groupCount = 115, subscriberClientCount = 0, subscriberCount = 0

2022-08-10 00:29:12,685 INFO [long-pulling] client count 4

2022-08-10 00:29:12,685 INFO toNotifyTaskSize = 0

2022-08-10 00:29:12,691 INFO toClientNotifyTaskSize = 0

2022-08-10 00:29:22,690 INFO [long-pulling] client count 4

2022-08-10 00:29:22,690 INFO groupCount = 115, subscriberClientCount = 0, subscriberCount = 0

2022-08-10 00:29:22,693 INFO toNotifyTaskSize = 0

2022-08-10 00:29:22,697 INFO toClientNotifyTaskSize = 0

2022-08-10 00:29:32,696 INFO groupCount = 115, subscriberClientCount = 0, subscriberCount = 0

2022-08-10 00:29:32,696 INFO [long-pulling] client count 4

2022-08-10 00:29:32,699 INFO toNotifyTaskSize = 0

2022-08-10 00:29:32,702 INFO toClientNotifyTaskSize = 0

2022-08-10 00:29:42,701 INFO [long-pulling] client count 4

2022-08-10 00:29:42,701 INFO groupCount = 115, subscriberClientCount = 0, subscriberCount = 0

2022-08-10 00:29:42,703 INFO toNotifyTaskSize = 0

2022-08-10 00:29:42,706 INFO toClientNotifyTaskSize = 0

2022-08-10 00:29:52,705 INFO [long-pulling] client count 4

2022-08-10 00:29:52,708 INFO toNotifyTaskSize = 0

2022-08-10 00:29:52,711 INFO toClientNotifyTaskSize = 0

2022-08-10 00:29:52,706 INFO groupCount = 115, subscriberClientCount = 0, subscriberCount = 0

2022-08-10 00:30:02,710 INFO [long-pulling] client count 4

2022-08-10 00:30:02,713 INFO toNotifyTaskSize = 0

2022-08-10 00:30:02,715 INFO toClientNotifyTaskSize = 0

2022-08-10 00:30:02,714 INFO groupCount = 115, subscriberClientCount = 0, subscriberCount = 0

2022-08-10 00:30:12,717 INFO [long-pulling] client count 4

2022-08-10 00:30:12,718 INFO groupCount = 115, subscriberClientCount = 0, subscriberCount = 0

2022-08-10 00:30:12,717 INFO toNotifyTaskSize = 0

2022-08-10 00:30:12,722 INFO toClientNotifyTaskSize = 0

2022-08-10 00:30:22,707 INFO [long-pulling] client count 4

2022-08-10 00:30:22,708 INFO groupCount = 115, subscriberClientCount = 0, subscriberCount = 0

2022-08-10 00:30:22,711 INFO toNotifyTaskSize = 0

2022-08-10 00:30:22,712 INFO toClientNotifyTaskSize = 0

2022-08-10 00:30:32,710 INFO [long-pulling] client count 4

2022-08-10 00:30:32,711 INFO groupCount = 115, subscriberClientCount = 0, subscriberCount = 0

2022-08-10 00:30:32,713 INFO toNotifyTaskSize = 0

2022-08-10 00:30:32,714 INFO toClientNotifyTaskSize = 0

2022-08-10 00:30:42,713 INFO groupCount = 115, subscriberClientCount = 0, subscriberCount = 0

2022-08-10 00:30:42,712 INFO [long-pulling] client count 4

2022-08-10 00:30:42,715 INFO toNotifyTaskSize = 0

2022-08-10 00:30:42,719 INFO toClientNotifyTaskSize = 0

2022-08-10 00:30:52,713 INFO groupCount = 115, subscriberClientCount = 0, subscriberCount = 0

2022-08-10 00:30:52,714 INFO toNotifyTaskSize = 0

2022-08-10 00:30:52,718 INFO toClientNotifyTaskSize = 0

2022-08-10 00:30:52,713 INFO [long-pulling] client count 4

2022-08-10 00:31:02,720 INFO groupCount = 115, subscriberClientCount = 0, subscriberCount = 0

2022-08-10 00:31:02,721 INFO [long-pulling] client count 4

2022-08-10 00:31:02,720 INFO toNotifyTaskSize = 0

2022-08-10 00:31:02,725 INFO toClientNotifyTaskSize = 0

2022-08-10 00:31:12,723 INFO groupCount = 115, subscriberClientCount = 0, subscriberCount = 0

2022-08-10 00:31:12,726 INFO toNotifyTaskSize = 0

2022-08-10 00:31:12,727 INFO toClientNotifyTaskSize = 0

2022-08-10 00:31:12,724 INFO [long-pulling] client count 4

2022-08-10 00:31:22,727 INFO groupCount = 115, subscriberClientCount = 0, subscriberCount = 0

2022-08-10 00:31:22,729 INFO [long-pulling] client count 4

2022-08-10 00:31:22,727 INFO toNotifyTaskSize = 0

2022-08-10 00:31:22,733 INFO toClientNotifyTaskSize = 0

2022-08-10 00:31:32,731 INFO groupCount = 115, subscriberClientCount = 0, subscriberCount = 0

2022-08-10 00:31:32,732 INFO [long-pulling] client count 4

2022-08-10 00:31:32,734 INFO toNotifyTaskSize = 0

2022-08-10 00:31:32,737 INFO toClientNotifyTaskSize = 0

2022-08-10 00:31:42,736 INFO [long-pulling] client count 4

2022-08-10 00:31:42,737 INFO groupCount = 115, subscriberClientCount = 0, subscriberCount = 0

2022-08-10 00:31:42,739 INFO toNotifyTaskSize = 0

2022-08-10 00:31:42,743 INFO toClientNotifyTaskSize = 0

2022-08-10 00:31:52,741 INFO [long-pulling] client count 4

2022-08-10 00:31:52,742 INFO groupCount = 115, subscriberClientCount = 0, subscriberCount = 0

2022-08-10 00:31:52,744 INFO toNotifyTaskSize = 0

2022-08-10 00:31:52,746 INFO toClientNotifyTaskSize = 0

2022-08-10 00:32:02,745 INFO [long-pulling] client count 4

2022-08-10 00:32:02,746 INFO groupCount = 115, subscriberClientCount = 0, subscriberCount = 0

2022-08-10 00:32:02,747 INFO toNotifyTaskSize = 0

2022-08-10 00:32:02,751 INFO toClientNotifyTaskSize = 0

2022-08-10 00:32:12,750 INFO [long-pulling] client count 4

2022-08-10 00:32:12,750 INFO groupCount = 115, subscriberClientCount = 0, subscriberCount = 0

2022-08-10 00:32:12,752 INFO toNotifyTaskSize = 0

2022-08-10 00:32:12,755 INFO toClientNotifyTaskSize = 0

2022-08-10 00:32:22,755 INFO groupCount = 115, subscriberClientCount = 0, subscriberCount = 0

2022-08-10 00:32:22,755 INFO [long-pulling] client count 4

2022-08-10 00:32:22,756 INFO toNotifyTaskSize = 0

2022-08-10 00:32:22,760 INFO toClientNotifyTaskSize = 0

2022-08-10 00:32:32,758 INFO groupCount = 115, subscriberClientCount = 0, subscriberCount = 0

2022-08-10 00:32:32,759 INFO [long-pulling] client count 4

2022-08-10 00:32:32,762 INFO toNotifyTaskSize = 0

2022-08-10 00:32:32,763 INFO toClientNotifyTaskSize = 0

2022-08-10 00:32:42,761 INFO [long-pulling] client count 4

2022-08-10 00:32:42,762 INFO groupCount = 115, subscriberClientCount = 0, subscriberCount = 0

2022-08-10 00:32:42,765 INFO toNotifyTaskSize = 0

2022-08-10 00:32:42,766 INFO toClientNotifyTaskSize = 0

2022-08-10 00:32:52,767 INFO toNotifyTaskSize = 0

2022-08-10 00:32:52,768 INFO toClientNotifyTaskSize = 0

2022-08-10 00:32:52,764 INFO [long-pulling] client count 4

2022-08-10 00:32:52,765 INFO groupCount = 115, subscriberClientCount = 0, subscriberCount = 0

2022-08-10 00:33:02,770 INFO toNotifyTaskSize = 0

2022-08-10 00:33:02,772 INFO toClientNotifyTaskSize = 0

2022-08-10 00:33:02,772 INFO groupCount = 115, subscriberClientCount = 0, subscriberCount = 0

2022-08-10 00:33:02,772 INFO [long-pulling] client count 3

2022-08-10 00:33:12,775 INFO groupCount = 115, subscriberClientCount = 0, subscriberCount = 0

2022-08-10 00:33:12,774 INFO toNotifyTaskSize = 0

2022-08-10 00:33:12,778 INFO toClientNotifyTaskSize = 0

2022-08-10 00:33:12,776 INFO [long-pulling] client count 4

2022-08-10 00:33:22,782 INFO [long-pulling] client count 4

2022-08-10 00:33:22,782 INFO toNotifyTaskSize = 0

2022-08-10 00:33:22,786 INFO toClientNotifyTaskSize = 0

2022-08-10 00:33:22,782 INFO groupCount = 115, subscriberClientCount = 0, subscriberCount = 0

2022-08-10 00:33:32,785 INFO [long-pulling] client count 4

2022-08-10 00:33:32,787 INFO toNotifyTaskSize = 0

2022-08-10 00:33:32,789 INFO toClientNotifyTaskSize = 0

2022-08-10 00:33:32,788 INFO groupCount = 115, subscriberClientCount = 0, subscriberCount = 0

2022-08-10 00:33:42,788 INFO [long-pulling] client count 4

2022-08-10 00:33:42,791 INFO groupCount = 115, subscriberClientCount = 0, subscriberCount = 0

2022-08-10 00:33:42,790 INFO toNotifyTaskSize = 0

2022-08-10 00:33:42,795 INFO toClientNotifyTaskSize = 0

2022-08-10 00:33:52,794 INFO [long-pulling] client count 4

2022-08-10 00:33:52,794 INFO groupCount = 115, subscriberClientCount = 0, subscriberCount = 0

2022-08-10 00:33:52,796 INFO toNotifyTaskSize = 0

2022-08-10 00:33:52,799 INFO toClientNotifyTaskSize = 0

2022-08-10 00:34:02,799 INFO [long-pulling] client count 4

2022-08-10 00:34:02,801 INFO toNotifyTaskSize = 0

2022-08-10 00:34:02,804 INFO toClientNotifyTaskSize = 0

2022-08-10 00:34:02,800 INFO groupCount = 115, subscriberClientCount = 0, subscriberCount = 0

2022-08-10 00:34:12,802 INFO [long-pulling] client count 4

2022-08-10 00:34:12,805 INFO toNotifyTaskSize = 0

2022-08-10 00:34:12,807 INFO toClientNotifyTaskSize = 0

2022-08-10 00:34:12,807 INFO groupCount = 115, subscriberClientCount = 0, subscriberCount = 0

2022-08-10 00:34:22,805 INFO [long-pulling] client count 4

2022-08-10 00:34:22,808 INFO toNotifyTaskSize = 0

2022-08-10 00:34:22,809 INFO toClientNotifyTaskSize = 0

2022-08-10 00:34:22,809 INFO groupCount = 115, subscriberClientCount = 0, subscriberCount = 0

2022-08-10 00:34:32,810 INFO toNotifyTaskSize = 0

2022-08-10 00:34:32,813 INFO toClientNotifyTaskSize = 0

2022-08-10 00:34:32,811 INFO groupCount = 115, subscriberClientCount = 0, subscriberCount = 0

2022-08-10 00:34:32,810 INFO [long-pulling] client count 4

2022-08-10 00:34:42,816 INFO toNotifyTaskSize = 0

2022-08-10 00:34:42,818 INFO toClientNotifyTaskSize = 0

2022-08-10 00:34:42,816 INFO [long-pulling] client count 4

2022-08-10 00:34:42,816 INFO groupCount = 115, subscriberClientCount = 0, subscriberCount = 0

2022-08-10 00:34:52,821 INFO toNotifyTaskSize = 0

2022-08-10 00:34:52,824 INFO toClientNotifyTaskSize = 0

2022-08-10 00:34:52,822 INFO groupCount = 115, subscriberClientCount = 0, subscriberCount = 0

2022-08-10 00:34:52,821 INFO [long-pulling] client count 4

2022-08-10 00:35:02,825 INFO toNotifyTaskSize = 0

2022-08-10 00:35:02,828 INFO toClientNotifyTaskSize = 0

2022-08-10 00:35:02,826 INFO groupCount = 115, subscriberClientCount = 0, subscriberCount = 0

2022-08-10 00:35:02,827 INFO [long-pulling] client count 4

2022-08-10 00:35:12,831 INFO toNotifyTaskSize = 0

2022-08-10 00:35:12,836 INFO toClientNotifyTaskSize = 0

2022-08-10 00:35:12,833 INFO [long-pulling] client count 4

2022-08-10 00:35:12,831 INFO groupCount = 115, subscriberClientCount = 0, subscriberCount = 0

2022-08-10 00:35:22,838 INFO toNotifyTaskSize = 0

2022-08-10 00:35:22,841 INFO toClientNotifyTaskSize = 0

2022-08-10 00:35:22,840 INFO [long-pulling] client count 4

2022-08-10 00:35:22,841 INFO groupCount = 115, subscriberClientCount = 0, subscriberCount = 0

2022-08-10 00:35:32,843 INFO toNotifyTaskSize = 0

2022-08-10 00:35:32,846 INFO toClientNotifyTaskSize = 0

2022-08-10 00:35:32,843 INFO groupCount = 115, subscriberClientCount = 0, subscriberCount = 0

2022-08-10 00:35:32,843 INFO [long-pulling] client count 4

2022-08-10 00:35:42,850 INFO toNotifyTaskSize = 0

2022-08-10 00:35:42,854 INFO toClientNotifyTaskSize = 0

2022-08-10 00:35:42,852 INFO [long-pulling] client count 4

2022-08-10 00:35:42,850 INFO groupCount = 115, subscriberClientCount = 0, subscriberCount = 0

2022-08-10 00:35:52,857 INFO groupCount = 115, subscriberClientCount = 0, subscriberCount = 0

2022-08-10 00:35:52,856 INFO [long-pulling] client count 4

2022-08-10 00:35:52,855 INFO toNotifyTaskSize = 0

2022-08-10 00:35:52,861 INFO toClientNotifyTaskSize = 0

2022-08-10 00:36:02,860 INFO groupCount = 115, subscriberClientCount = 0, subscriberCount = 0

2022-08-10 00:36:02,860 INFO [long-pulling] client count 4

2022-08-10 00:36:02,862 INFO toNotifyTaskSize = 0

2022-08-10 00:36:02,865 INFO toClientNotifyTaskSize = 0

2022-08-10 00:36:12,863 INFO groupCount = 115, subscriberClientCount = 0, subscriberCount = 0

2022-08-10 00:36:12,866 INFO toNotifyTaskSize = 0

2022-08-10 00:36:12,867 INFO toClientNotifyTaskSize = 0

2022-08-10 00:36:12,864 INFO [long-pulling] client count 4

2022-08-10 00:36:22,877 INFO [long-pulling] client count 4

2022-08-10 00:36:22,877 INFO groupCount = 115, subscriberClientCount = 0, subscriberCount = 0

2022-08-10 00:36:22,878 INFO toNotifyTaskSize = 0

2022-08-10 00:36:22,897 INFO toClientNotifyTaskSize = 0

2022-08-10 00:36:32,895 INFO groupCount = 115, subscriberClientCount = 0, subscriberCount = 0

2022-08-10 00:36:32,895 INFO [long-pulling] client count 4

2022-08-10 00:36:32,899 INFO toNotifyTaskSize = 0

2022-08-10 00:36:32,900 INFO toClientNotifyTaskSize = 0

2022-08-10 00:36:42,898 INFO groupCount = 115, subscriberClientCount = 0, subscriberCount = 0

2022-08-10 00:36:42,899 INFO [long-pulling] client count 4

2022-08-10 00:36:42,901 INFO toNotifyTaskSize = 0

2022-08-10 00:36:42,905 INFO toClientNotifyTaskSize = 0

2022-08-10 00:36:52,903 INFO groupCount = 115, subscriberClientCount = 0, subscriberCount = 0

2022-08-10 00:36:52,904 INFO [long-pulling] client count 4

2022-08-10 00:36:52,906 INFO toNotifyTaskSize = 0

2022-08-10 00:36:52,909 INFO toClientNotifyTaskSize = 0

2022-08-10 00:37:02,906 INFO groupCount = 115, subscriberClientCount = 0, subscriberCount = 0

2022-08-10 00:37:02,910 INFO toNotifyTaskSize = 0

2022-08-10 00:37:02,911 INFO toClientNotifyTaskSize = 0

2022-08-10 00:37:02,908 INFO [long-pulling] client count 4

2022-08-10 00:37:12,911 INFO groupCount = 115, subscriberClientCount = 0, subscriberCount = 0

2022-08-10 00:37:12,913 INFO toNotifyTaskSize = 0

2022-08-10 00:37:12,916 INFO toClientNotifyTaskSize = 0

2022-08-10 00:37:12,914 INFO [long-pulling] client count 4

2022-08-10 00:37:22,917 INFO groupCount = 115, subscriberClientCount = 0, subscriberCount = 0

2022-08-10 00:37:22,917 INFO [long-pulling] client count 4

2022-08-10 00:37:22,917 INFO toNotifyTaskSize = 0

2022-08-10 00:37:22,923 INFO toClientNotifyTaskSize = 0

2022-08-10 00:37:32,922 INFO groupCount = 115, subscriberClientCount = 0, subscriberCount = 0

2022-08-10 00:37:32,923 INFO [long-pulling] client count 4

2022-08-10 00:37:32,925 INFO toNotifyTaskSize = 0

2022-08-10 00:37:32,928 INFO toClientNotifyTaskSize = 0

2022-08-10 00:37:42,927 INFO [long-pulling] client count 4

2022-08-10 00:37:42,925 INFO groupCount = 115, subscriberClientCount = 0, subscriberCount = 0

2022-08-10 00:37:42,929 INFO toNotifyTaskSize = 0

2022-08-10 00:37:42,930 INFO toClientNotifyTaskSize = 0

2022-08-10 00:37:52,929 INFO [long-pulling] client count 4

2022-08-10 00:37:52,931 INFO toNotifyTaskSize = 0

2022-08-10 00:37:52,935 INFO toClientNotifyTaskSize = 0

2022-08-10 00:37:52,929 INFO groupCount = 115, subscriberClientCount = 0, subscriberCount = 0

2022-08-10 00:38:02,938 INFO [long-pulling] client count 4

2022-08-10 00:38:02,938 INFO groupCount = 115, subscriberClientCount = 0, subscriberCount = 0

2022-08-10 00:38:02,938 INFO toNotifyTaskSize = 0

2022-08-10 00:38:02,944 INFO toClientNotifyTaskSize = 0

2022-08-10 00:38:12,942 INFO [long-pulling] client count 4

2022-08-10 00:38:12,943 INFO groupCount = 115, subscriberClientCount = 0, subscriberCount = 0

2022-08-10 00:38:12,945 INFO toNotifyTaskSize = 0

2022-08-10 00:38:12,951 INFO toClientNotifyTaskSize = 0

2022-08-10 00:38:22,947 INFO [long-pulling] client count 4

2022-08-10 00:38:22,948 INFO groupCount = 115, subscriberClientCount = 0, subscriberCount = 0

2022-08-10 00:38:22,952 INFO toNotifyTaskSize = 0

2022-08-10 00:38:22,953 INFO toClientNotifyTaskSize = 0

2022-08-10 00:38:32,950 INFO [long-pulling] client count 4

2022-08-10 00:38:32,951 INFO groupCount = 115, subscriberClientCount = 0, subscriberCount = 0

2022-08-10 00:38:32,954 INFO toNotifyTaskSize = 0

2022-08-10 00:38:32,955 INFO toClientNotifyTaskSize = 0

2022-08-10 00:38:42,955 INFO groupCount = 115, subscriberClientCount = 0, subscriberCount = 0

2022-08-10 00:38:42,955 INFO [long-pulling] client count 4

2022-08-10 00:38:42,957 INFO toNotifyTaskSize = 0

2022-08-10 00:38:42,960 INFO toClientNotifyTaskSize = 0

2022-08-10 00:38:52,959 INFO groupCount = 115, subscriberClientCount = 0, subscriberCount = 0

2022-08-10 00:38:52,961 INFO [long-pulling] client count 4

2022-08-10 00:38:52,963 INFO toNotifyTaskSize = 0

2022-08-10 00:38:52,965 INFO toClientNotifyTaskSize = 0

2022-08-10 00:39:02,965 INFO groupCount = 115, subscriberClientCount = 0, subscriberCount = 0

2022-08-10 00:39:02,966 INFO toNotifyTaskSize = 0

2022-08-10 00:39:02,966 INFO [long-pulling] client count 4

2022-08-10 00:39:02,970 INFO toClientNotifyTaskSize = 0

2022-08-10 00:39:12,968 INFO groupCount = 115, subscriberClientCount = 0, subscriberCount = 0

2022-08-10 00:39:12,971 INFO [long-pulling] client count 4

2022-08-10 00:39:12,972 INFO toNotifyTaskSize = 0

2022-08-10 00:39:12,975 INFO toClientNotifyTaskSize = 0

2022-08-10 00:39:22,973 INFO groupCount = 115, subscriberClientCount = 0, subscriberCount = 0

2022-08-10 00:39:22,974 INFO [long-pulling] client count 4

2022-08-10 00:39:22,976 INFO toNotifyTaskSize = 0

2022-08-10 00:39:22,977 INFO toClientNotifyTaskSize = 0

2022-08-10 00:39:32,975 INFO groupCount = 115, subscriberClientCount = 0, subscriberCount = 0

2022-08-10 00:39:32,976 INFO [long-pulling] client count 4

2022-08-10 00:39:32,979 INFO toNotifyTaskSize = 0

2022-08-10 00:39:32,981 INFO toClientNotifyTaskSize = 0

2022-08-10 00:39:42,979 INFO groupCount = 115, subscriberClientCount = 0, subscriberCount = 0

2022-08-10 00:39:42,980 INFO [long-pulling] client count 4

2022-08-10 00:39:42,983 INFO toNotifyTaskSize = 0

2022-08-10 00:39:42,985 INFO toClientNotifyTaskSize = 0

2022-08-10 00:39:52,984 INFO [long-pulling] client count 4

2022-08-10 00:39:52,986 INFO toNotifyTaskSize = 0

2022-08-10 00:39:52,989 INFO toClientNotifyTaskSize = 0

2022-08-10 00:39:52,984 INFO groupCount = 115, subscriberClientCount = 0, subscriberCount = 0

2022-08-10 00:40:02,990 INFO toNotifyTaskSize = 0

2022-08-10 00:40:02,993 INFO toClientNotifyTaskSize = 0

2022-08-10 00:40:02,991 INFO groupCount = 115, subscriberClientCount = 0, subscriberCount = 0

2022-08-10 00:40:02,990 INFO [long-pulling] client count 4

2022-08-10 00:40:12,996 INFO toNotifyTaskSize = 0

2022-08-10 00:40:12,997 INFO [long-pulling] client count 4

2022-08-10 00:40:12,996 INFO groupCount = 115, subscriberClientCount = 0, subscriberCount = 0

2022-08-10 00:40:12,999 INFO toClientNotifyTaskSize = 0

2022-08-10 00:40:23,001 INFO groupCount = 115, subscriberClientCount = 0, subscriberCount = 0

2022-08-10 00:40:23,002 INFO toNotifyTaskSize = 0

2022-08-10 00:40:23,006 INFO toClientNotifyTaskSize = 0

2022-08-10 00:40:23,001 INFO [long-pulling] client count 4

2022-08-10 00:40:33,008 INFO groupCount = 115, subscriberClientCount = 0, subscriberCount = 0

2022-08-10 00:40:33,008 INFO [long-pulling] client count 4

2022-08-10 00:40:33,008 INFO toNotifyTaskSize = 0

2022-08-10 00:40:33,014 INFO toClientNotifyTaskSize = 0

2022-08-10 00:40:43,012 INFO [long-pulling] client count 4

2022-08-10 00:40:43,012 INFO groupCount = 115, subscriberClientCount = 0, subscriberCount = 0

2022-08-10 00:40:43,015 INFO toNotifyTaskSize = 0

2022-08-10 00:40:43,018 INFO toClientNotifyTaskSize = 0

2022-08-10 00:40:53,017 INFO [long-pulling] client count 4

2022-08-10 00:40:53,019 INFO toNotifyTaskSize = 0

2022-08-10 00:40:53,021 INFO toClientNotifyTaskSize = 0

2022-08-10 00:40:53,018 INFO groupCount = 115, subscriberClientCount = 0, subscriberCount = 0

2022-08-10 00:41:03,023 INFO toNotifyTaskSize = 0

2022-08-10 00:41:03,026 INFO toClientNotifyTaskSize = 0

2022-08-10 00:41:03,023 INFO groupCount = 115, subscriberClientCount = 0, subscriberCount = 0

2022-08-10 00:41:03,023 INFO [long-pulling] client count 4

2022-08-10 00:41:13,028 INFO toNotifyTaskSize = 0

2022-08-10 00:41:13,031 INFO toClientNotifyTaskSize = 0

2022-08-10 00:41:13,030 INFO [long-pulling] client count 4

2022-08-10 00:41:13,029 INFO groupCount = 115, subscriberClientCount = 0, subscriberCount = 0

2022-08-10 00:41:23,033 INFO toNotifyTaskSize = 0

2022-08-10 00:41:23,036 INFO toClientNotifyTaskSize = 0

2022-08-10 00:41:23,034 INFO [long-pulling] client count 4

2022-08-10 00:41:23,035 INFO groupCount = 115, subscriberClientCount = 0, subscriberCount = 0

2022-08-10 00:41:33,038 INFO [long-pulling] client count 4

2022-08-10 00:41:33,039 INFO groupCount = 115, subscriberClientCount = 0, subscriberCount = 0

2022-08-10 00:41:33,038 INFO toNotifyTaskSize = 0

2022-08-10 00:41:33,043 INFO toClientNotifyTaskSize = 0

2022-08-10 00:41:43,042 INFO [long-pulling] client count 4

2022-08-10 00:41:43,045 INFO toNotifyTaskSize = 0

2022-08-10 00:41:43,047 INFO toClientNotifyTaskSize = 0

2022-08-10 00:41:43,043 INFO groupCount = 115, subscriberClientCount = 0, subscriberCount = 0

2022-08-10 00:41:53,046 INFO [long-pulling] client count 4

2022-08-10 00:41:53,048 INFO toNotifyTaskSize = 0

2022-08-10 00:41:53,050 INFO toClientNotifyTaskSize = 0

2022-08-10 00:41:53,049 INFO groupCount = 115, subscriberClientCount = 0, subscriberCount = 0

