2022-08-09 22:13:54,253 INFO raft peers changed: [Member{ip='72889442af0a', port=8848, state=UP, extendInfo={raftPort=7848, version=2.0.3}}]

2022-08-09 22:13:54,274 INFO initializing Raft sub-system

2022-08-09 22:13:54,275 INFO finish loading all datums, size: 0 cost 1 ms.

2022-08-09 22:13:54,276 INFO cache loaded, datum count: 0, current term: 0

2022-08-09 22:13:54,276 INFO finish to load data from disk, cost: 2 ms.

2022-08-09 22:13:54,281 INFO timer started: leader timeout ms: 15000, heart-beat timeout ms: 5000

2022-08-09 22:13:54,350 INFO add listener: com.alibaba.nacos.naming.domains.meta.

2022-08-09 22:13:54,630 INFO add listener: com.alibaba.nacos.naming.domains.meta.00-00---000-NACOS_SWITCH_DOMAIN-000---00-00

2022-08-09 22:13:59,273 WARN start to close old raft protocol!!!

2022-08-09 22:13:59,274 WARN stop old raft protocol task for notifier

2022-08-09 22:13:59,274 WARN stop old raft protocol task for master task

2022-08-09 22:13:59,274 WARN stop old raft protocol task for heartbeat task

2022-08-09 22:13:59,274 WARN clean old cache datum for old raft

2022-08-09 22:13:59,274 WARN start to close old raft protocol!!!

2022-08-09 22:13:59,274 WARN stop old raft protocol task for notifier

2022-08-09 22:13:59,274 WARN stop old raft protocol task for master task

2022-08-09 22:13:59,274 WARN stop old raft protocol task for heartbeat task

2022-08-09 22:13:59,274 WARN clean old cache datum for old raft

2022-08-09 22:13:59,274 WARN start to move old raft protocol metadata

2022-08-09 22:13:59,279 WARN start to move old raft protocol metadata

