2022-08-10 00:00:27,634 INFO PERFORMANCE:|3|3|5|-1|-1|0|0

2022-08-10 00:00:27,649 INFO Task worker status: 
naming_0%8, pending tasks: 0
naming_1%8, pending tasks: 0
naming_2%8, pending tasks: 0
naming_3%8, pending tasks: 0
naming_4%8, pending tasks: 0
naming_5%8, pending tasks: 0
naming_6%8, pending tasks: 0
naming_7%8, pending tasks: 0


2022-08-10 00:00:27,651 INFO DISTRO:|0|0|0|0|0|

2022-08-10 00:01:27,655 INFO PERFORMANCE:|3|3|5|-1|-1|0|0

2022-08-10 00:01:27,658 INFO Task worker status: 
naming_0%8, pending tasks: 0
naming_1%8, pending tasks: 0
naming_2%8, pending tasks: 0
naming_3%8, pending tasks: 0
naming_4%8, pending tasks: 0
naming_5%8, pending tasks: 0
naming_6%8, pending tasks: 0
naming_7%8, pending tasks: 0


2022-08-10 00:01:27,659 INFO DISTRO:|0|0|0|0|0|

2022-08-10 00:02:27,664 INFO PERFORMANCE:|3|3|5|-1|-1|0|0

2022-08-10 00:02:27,668 INFO Task worker status: 
naming_0%8, pending tasks: 0
naming_1%8, pending tasks: 0
naming_2%8, pending tasks: 0
naming_3%8, pending tasks: 0
naming_4%8, pending tasks: 0
naming_5%8, pending tasks: 0
naming_6%8, pending tasks: 0
naming_7%8, pending tasks: 0


2022-08-10 00:02:27,671 INFO DISTRO:|0|0|0|0|0|

2022-08-10 00:03:27,673 INFO PERFORMANCE:|3|3|5|-1|-1|0|0

2022-08-10 00:03:27,678 INFO Task worker status: 
naming_0%8, pending tasks: 0
naming_1%8, pending tasks: 0
naming_2%8, pending tasks: 0
naming_3%8, pending tasks: 0
naming_4%8, pending tasks: 0
naming_5%8, pending tasks: 0
naming_6%8, pending tasks: 0
naming_7%8, pending tasks: 0


2022-08-10 00:03:27,679 INFO DISTRO:|0|0|0|0|0|

2022-08-10 00:04:27,686 INFO PERFORMANCE:|serviceCount|ipCount|subscribeCount|maxPushCost|avgPushCost|totalPushCount|failPushCount

2022-08-10 00:04:27,689 INFO DISTRO:|V1SyncDone|V1SyncFail|V2SyncDone|V2SyncFail|V2VerifyFail|

2022-08-10 00:04:27,691 INFO PERFORMANCE:|3|3|5|-1|-1|0|0

2022-08-10 00:04:27,692 INFO Task worker status: 
naming_0%8, pending tasks: 0
naming_1%8, pending tasks: 0
naming_2%8, pending tasks: 0
naming_3%8, pending tasks: 0
naming_4%8, pending tasks: 0
naming_5%8, pending tasks: 0
naming_6%8, pending tasks: 0
naming_7%8, pending tasks: 0


2022-08-10 00:04:27,695 INFO DISTRO:|0|0|0|0|0|

2022-08-10 00:05:27,698 INFO PERFORMANCE:|3|3|5|-1|-1|0|0

2022-08-10 00:05:27,701 INFO Task worker status: 
naming_0%8, pending tasks: 0
naming_1%8, pending tasks: 0
naming_2%8, pending tasks: 0
naming_3%8, pending tasks: 0
naming_4%8, pending tasks: 0
naming_5%8, pending tasks: 0
naming_6%8, pending tasks: 0
naming_7%8, pending tasks: 0


2022-08-10 00:05:27,703 INFO DISTRO:|0|0|0|0|0|

2022-08-10 00:06:27,710 INFO PERFORMANCE:|3|3|5|-1|-1|0|0

2022-08-10 00:06:27,712 INFO Task worker status: 
naming_0%8, pending tasks: 0
naming_1%8, pending tasks: 0
naming_2%8, pending tasks: 0
naming_3%8, pending tasks: 0
naming_4%8, pending tasks: 0
naming_5%8, pending tasks: 0
naming_6%8, pending tasks: 0
naming_7%8, pending tasks: 0


2022-08-10 00:06:27,715 INFO DISTRO:|0|0|0|0|0|

2022-08-10 00:07:27,721 INFO PERFORMANCE:|3|3|5|-1|-1|0|0

2022-08-10 00:07:27,724 INFO Task worker status: 
naming_0%8, pending tasks: 0
naming_1%8, pending tasks: 0
naming_2%8, pending tasks: 0
naming_3%8, pending tasks: 0
naming_4%8, pending tasks: 0
naming_5%8, pending tasks: 0
naming_6%8, pending tasks: 0
naming_7%8, pending tasks: 0


2022-08-10 00:07:27,725 INFO DISTRO:|0|0|0|0|0|

2022-08-10 00:08:27,728 INFO PERFORMANCE:|3|3|5|-1|-1|0|0

2022-08-10 00:08:27,730 INFO Task worker status: 
naming_0%8, pending tasks: 0
naming_1%8, pending tasks: 0
naming_2%8, pending tasks: 0
naming_3%8, pending tasks: 0
naming_4%8, pending tasks: 0
naming_5%8, pending tasks: 0
naming_6%8, pending tasks: 0
naming_7%8, pending tasks: 0


2022-08-10 00:08:27,732 INFO DISTRO:|0|0|0|0|0|

2022-08-10 00:09:27,736 INFO PERFORMANCE:|3|3|5|-1|-1|0|0

2022-08-10 00:09:27,739 INFO Task worker status: 
naming_0%8, pending tasks: 0
naming_1%8, pending tasks: 0
naming_2%8, pending tasks: 0
naming_3%8, pending tasks: 0
naming_4%8, pending tasks: 0
naming_5%8, pending tasks: 0
naming_6%8, pending tasks: 0
naming_7%8, pending tasks: 0


2022-08-10 00:09:27,741 INFO DISTRO:|0|0|0|0|0|

2022-08-10 00:10:27,749 INFO PERFORMANCE:|3|3|5|-1|-1|0|0

2022-08-10 00:10:27,752 INFO Task worker status: 
naming_0%8, pending tasks: 0
naming_1%8, pending tasks: 0
naming_2%8, pending tasks: 0
naming_3%8, pending tasks: 0
naming_4%8, pending tasks: 0
naming_5%8, pending tasks: 0
naming_6%8, pending tasks: 0
naming_7%8, pending tasks: 0


2022-08-10 00:10:27,755 INFO DISTRO:|0|0|0|0|0|

2022-08-10 00:11:27,770 INFO PERFORMANCE:|3|3|5|-1|-1|0|0

2022-08-10 00:11:27,773 INFO Task worker status: 
naming_0%8, pending tasks: 0
naming_1%8, pending tasks: 0
naming_2%8, pending tasks: 0
naming_3%8, pending tasks: 0
naming_4%8, pending tasks: 0
naming_5%8, pending tasks: 0
naming_6%8, pending tasks: 0
naming_7%8, pending tasks: 0


2022-08-10 00:11:27,774 INFO DISTRO:|0|0|0|0|0|

2022-08-10 00:12:27,780 INFO PERFORMANCE:|3|3|5|-1|-1|0|0

2022-08-10 00:12:27,784 INFO Task worker status: 
naming_0%8, pending tasks: 0
naming_1%8, pending tasks: 0
naming_2%8, pending tasks: 0
naming_3%8, pending tasks: 0
naming_4%8, pending tasks: 0
naming_5%8, pending tasks: 0
naming_6%8, pending tasks: 0
naming_7%8, pending tasks: 0


2022-08-10 00:12:27,787 INFO DISTRO:|0|0|0|0|0|

2022-08-10 00:13:27,789 INFO PERFORMANCE:|3|3|5|-1|-1|0|0

2022-08-10 00:13:27,792 INFO Task worker status: 
naming_0%8, pending tasks: 0
naming_1%8, pending tasks: 0
naming_2%8, pending tasks: 0
naming_3%8, pending tasks: 0
naming_4%8, pending tasks: 0
naming_5%8, pending tasks: 0
naming_6%8, pending tasks: 0
naming_7%8, pending tasks: 0


2022-08-10 00:13:27,793 INFO DISTRO:|0|0|0|0|0|

2022-08-10 00:14:27,798 INFO PERFORMANCE:|serviceCount|ipCount|subscribeCount|maxPushCost|avgPushCost|totalPushCount|failPushCount

2022-08-10 00:14:27,813 INFO DISTRO:|V1SyncDone|V1SyncFail|V2SyncDone|V2SyncFail|V2VerifyFail|

2022-08-10 00:14:27,833 INFO PERFORMANCE:|3|3|5|-1|-1|0|0

2022-08-10 00:14:27,834 INFO Task worker status: 
naming_0%8, pending tasks: 0
naming_1%8, pending tasks: 0
naming_2%8, pending tasks: 0
naming_3%8, pending tasks: 0
naming_4%8, pending tasks: 0
naming_5%8, pending tasks: 0
naming_6%8, pending tasks: 0
naming_7%8, pending tasks: 0


2022-08-10 00:14:27,836 INFO DISTRO:|0|0|0|0|0|

2022-08-10 00:15:27,838 INFO PERFORMANCE:|3|3|5|-1|-1|0|0

2022-08-10 00:15:27,841 INFO Task worker status: 
naming_0%8, pending tasks: 0
naming_1%8, pending tasks: 0
naming_2%8, pending tasks: 0
naming_3%8, pending tasks: 0
naming_4%8, pending tasks: 0
naming_5%8, pending tasks: 0
naming_6%8, pending tasks: 0
naming_7%8, pending tasks: 0


2022-08-10 00:15:27,842 INFO DISTRO:|0|0|0|0|0|

2022-08-10 00:16:27,848 INFO PERFORMANCE:|3|3|5|-1|-1|0|0

2022-08-10 00:16:27,851 INFO Task worker status: 
naming_0%8, pending tasks: 0
naming_1%8, pending tasks: 0
naming_2%8, pending tasks: 0
naming_3%8, pending tasks: 0
naming_4%8, pending tasks: 0
naming_5%8, pending tasks: 0
naming_6%8, pending tasks: 0
naming_7%8, pending tasks: 0


2022-08-10 00:16:27,853 INFO DISTRO:|0|0|0|0|0|

2022-08-10 00:17:27,855 INFO PERFORMANCE:|3|3|5|-1|-1|0|0

2022-08-10 00:17:27,858 INFO Task worker status: 
naming_0%8, pending tasks: 0
naming_1%8, pending tasks: 0
naming_2%8, pending tasks: 0
naming_3%8, pending tasks: 0
naming_4%8, pending tasks: 0
naming_5%8, pending tasks: 0
naming_6%8, pending tasks: 0
naming_7%8, pending tasks: 0


2022-08-10 00:17:27,859 INFO DISTRO:|0|0|0|0|0|

2022-08-10 00:18:27,863 INFO PERFORMANCE:|3|3|5|-1|-1|0|0

2022-08-10 00:18:27,866 INFO Task worker status: 
naming_0%8, pending tasks: 0
naming_1%8, pending tasks: 0
naming_2%8, pending tasks: 0
naming_3%8, pending tasks: 0
naming_4%8, pending tasks: 0
naming_5%8, pending tasks: 0
naming_6%8, pending tasks: 0
naming_7%8, pending tasks: 0


2022-08-10 00:18:27,869 INFO DISTRO:|0|0|0|0|0|

2022-08-10 00:19:27,876 INFO PERFORMANCE:|3|3|5|-1|-1|0|0

2022-08-10 00:19:27,880 INFO Task worker status: 
naming_0%8, pending tasks: 0
naming_1%8, pending tasks: 0
naming_2%8, pending tasks: 0
naming_3%8, pending tasks: 0
naming_4%8, pending tasks: 0
naming_5%8, pending tasks: 0
naming_6%8, pending tasks: 0
naming_7%8, pending tasks: 0


2022-08-10 00:19:27,882 INFO DISTRO:|0|0|0|0|0|

2022-08-10 00:20:27,884 INFO PERFORMANCE:|3|3|5|-1|-1|0|0

2022-08-10 00:20:27,887 INFO Task worker status: 
naming_0%8, pending tasks: 0
naming_1%8, pending tasks: 0
naming_2%8, pending tasks: 0
naming_3%8, pending tasks: 0
naming_4%8, pending tasks: 0
naming_5%8, pending tasks: 0
naming_6%8, pending tasks: 0
naming_7%8, pending tasks: 0


2022-08-10 00:20:27,888 INFO DISTRO:|0|0|0|0|0|

2022-08-10 00:21:27,895 INFO PERFORMANCE:|3|3|5|-1|-1|0|0

2022-08-10 00:21:27,898 INFO Task worker status: 
naming_0%8, pending tasks: 0
naming_1%8, pending tasks: 0
naming_2%8, pending tasks: 0
naming_3%8, pending tasks: 0
naming_4%8, pending tasks: 0
naming_5%8, pending tasks: 0
naming_6%8, pending tasks: 0
naming_7%8, pending tasks: 0


2022-08-10 00:21:27,899 INFO DISTRO:|0|0|0|0|0|

2022-08-10 00:22:27,907 INFO PERFORMANCE:|3|3|5|-1|-1|0|0

2022-08-10 00:22:27,910 INFO Task worker status: 
naming_0%8, pending tasks: 0
naming_1%8, pending tasks: 0
naming_2%8, pending tasks: 0
naming_3%8, pending tasks: 0
naming_4%8, pending tasks: 0
naming_5%8, pending tasks: 0
naming_6%8, pending tasks: 0
naming_7%8, pending tasks: 0


2022-08-10 00:22:27,913 INFO DISTRO:|0|0|0|0|0|

2022-08-10 00:23:27,915 INFO PERFORMANCE:|3|3|5|-1|-1|0|0

2022-08-10 00:23:27,917 INFO Task worker status: 
naming_0%8, pending tasks: 0
naming_1%8, pending tasks: 0
naming_2%8, pending tasks: 0
naming_3%8, pending tasks: 0
naming_4%8, pending tasks: 0
naming_5%8, pending tasks: 0
naming_6%8, pending tasks: 0
naming_7%8, pending tasks: 0


2022-08-10 00:23:27,918 INFO DISTRO:|0|0|0|0|0|

2022-08-10 00:24:27,921 INFO PERFORMANCE:|serviceCount|ipCount|subscribeCount|maxPushCost|avgPushCost|totalPushCount|failPushCount

2022-08-10 00:24:27,923 INFO DISTRO:|V1SyncDone|V1SyncFail|V2SyncDone|V2SyncFail|V2VerifyFail|

2022-08-10 00:24:27,926 INFO PERFORMANCE:|3|3|5|-1|-1|0|0

2022-08-10 00:24:27,928 INFO Task worker status: 
naming_0%8, pending tasks: 0
naming_1%8, pending tasks: 0
naming_2%8, pending tasks: 0
naming_3%8, pending tasks: 0
naming_4%8, pending tasks: 0
naming_5%8, pending tasks: 0
naming_6%8, pending tasks: 0
naming_7%8, pending tasks: 0


2022-08-10 00:24:27,930 INFO DISTRO:|0|0|0|0|0|

2022-08-10 00:25:27,932 INFO PERFORMANCE:|3|3|5|-1|-1|0|0

2022-08-10 00:25:27,936 INFO Task worker status: 
naming_0%8, pending tasks: 0
naming_1%8, pending tasks: 0
naming_2%8, pending tasks: 0
naming_3%8, pending tasks: 0
naming_4%8, pending tasks: 0
naming_5%8, pending tasks: 0
naming_6%8, pending tasks: 0
naming_7%8, pending tasks: 0


2022-08-10 00:25:27,938 INFO DISTRO:|0|0|0|0|0|

2022-08-10 00:26:27,941 INFO PERFORMANCE:|3|3|5|-1|-1|0|0

2022-08-10 00:26:27,945 INFO Task worker status: 
naming_0%8, pending tasks: 0
naming_1%8, pending tasks: 0
naming_2%8, pending tasks: 0
naming_3%8, pending tasks: 0
naming_4%8, pending tasks: 0
naming_5%8, pending tasks: 0
naming_6%8, pending tasks: 0
naming_7%8, pending tasks: 0


2022-08-10 00:26:27,947 INFO DISTRO:|0|0|0|0|0|

2022-08-10 00:27:27,953 INFO PERFORMANCE:|3|3|5|-1|-1|0|0

2022-08-10 00:27:27,957 INFO Task worker status: 
naming_0%8, pending tasks: 0
naming_1%8, pending tasks: 0
naming_2%8, pending tasks: 0
naming_3%8, pending tasks: 0
naming_4%8, pending tasks: 0
naming_5%8, pending tasks: 0
naming_6%8, pending tasks: 0
naming_7%8, pending tasks: 0


2022-08-10 00:27:27,958 INFO DISTRO:|0|0|0|0|0|

2022-08-10 00:28:27,961 INFO PERFORMANCE:|3|3|5|-1|-1|0|0

2022-08-10 00:28:27,964 INFO Task worker status: 
naming_0%8, pending tasks: 0
naming_1%8, pending tasks: 0
naming_2%8, pending tasks: 0
naming_3%8, pending tasks: 0
naming_4%8, pending tasks: 0
naming_5%8, pending tasks: 0
naming_6%8, pending tasks: 0
naming_7%8, pending tasks: 0


2022-08-10 00:28:27,967 INFO DISTRO:|0|0|0|0|0|

2022-08-10 00:29:27,969 INFO PERFORMANCE:|3|3|5|-1|-1|0|0

2022-08-10 00:29:27,972 INFO Task worker status: 
naming_0%8, pending tasks: 0
naming_1%8, pending tasks: 0
naming_2%8, pending tasks: 0
naming_3%8, pending tasks: 0
naming_4%8, pending tasks: 0
naming_5%8, pending tasks: 0
naming_6%8, pending tasks: 0
naming_7%8, pending tasks: 0


2022-08-10 00:29:27,975 INFO DISTRO:|0|0|0|0|0|

2022-08-10 00:30:27,967 INFO PERFORMANCE:|3|3|5|-1|-1|0|0

2022-08-10 00:30:27,971 INFO Task worker status: 
naming_0%8, pending tasks: 0
naming_1%8, pending tasks: 0
naming_2%8, pending tasks: 0
naming_3%8, pending tasks: 0
naming_4%8, pending tasks: 0
naming_5%8, pending tasks: 0
naming_6%8, pending tasks: 0
naming_7%8, pending tasks: 0


2022-08-10 00:30:27,973 INFO DISTRO:|0|0|0|0|0|

2022-08-10 00:31:27,968 INFO PERFORMANCE:|3|3|5|-1|-1|0|0

2022-08-10 00:31:27,972 INFO Task worker status: 
naming_0%8, pending tasks: 0
naming_1%8, pending tasks: 0
naming_2%8, pending tasks: 0
naming_3%8, pending tasks: 0
naming_4%8, pending tasks: 0
naming_5%8, pending tasks: 0
naming_6%8, pending tasks: 0
naming_7%8, pending tasks: 0


2022-08-10 00:31:27,974 INFO DISTRO:|0|0|0|0|0|

2022-08-10 00:32:27,979 INFO PERFORMANCE:|3|3|5|-1|-1|0|0

2022-08-10 00:32:27,983 INFO Task worker status: 
naming_0%8, pending tasks: 0
naming_1%8, pending tasks: 0
naming_2%8, pending tasks: 0
naming_3%8, pending tasks: 0
naming_4%8, pending tasks: 0
naming_5%8, pending tasks: 0
naming_6%8, pending tasks: 0
naming_7%8, pending tasks: 0


2022-08-10 00:32:27,985 INFO DISTRO:|0|0|0|0|0|

2022-08-10 00:33:27,988 INFO PERFORMANCE:|3|3|5|-1|-1|0|0

2022-08-10 00:33:27,992 INFO Task worker status: 
naming_0%8, pending tasks: 0
naming_1%8, pending tasks: 0
naming_2%8, pending tasks: 0
naming_3%8, pending tasks: 0
naming_4%8, pending tasks: 0
naming_5%8, pending tasks: 0
naming_6%8, pending tasks: 0
naming_7%8, pending tasks: 0


2022-08-10 00:33:27,993 INFO DISTRO:|0|0|0|0|0|

2022-08-10 00:34:27,995 INFO PERFORMANCE:|serviceCount|ipCount|subscribeCount|maxPushCost|avgPushCost|totalPushCount|failPushCount

2022-08-10 00:34:27,998 INFO DISTRO:|V1SyncDone|V1SyncFail|V2SyncDone|V2SyncFail|V2VerifyFail|

2022-08-10 00:34:28,000 INFO PERFORMANCE:|3|3|5|-1|-1|0|0

2022-08-10 00:34:28,001 INFO Task worker status: 
naming_0%8, pending tasks: 0
naming_1%8, pending tasks: 0
naming_2%8, pending tasks: 0
naming_3%8, pending tasks: 0
naming_4%8, pending tasks: 0
naming_5%8, pending tasks: 0
naming_6%8, pending tasks: 0
naming_7%8, pending tasks: 0


2022-08-10 00:34:28,003 INFO DISTRO:|0|0|0|0|0|

2022-08-10 00:35:28,004 INFO PERFORMANCE:|3|3|5|-1|-1|0|0

2022-08-10 00:35:28,006 INFO Task worker status: 
naming_0%8, pending tasks: 0
naming_1%8, pending tasks: 0
naming_2%8, pending tasks: 0
naming_3%8, pending tasks: 0
naming_4%8, pending tasks: 0
naming_5%8, pending tasks: 0
naming_6%8, pending tasks: 0
naming_7%8, pending tasks: 0


2022-08-10 00:35:28,008 INFO DISTRO:|0|0|0|0|0|

2022-08-10 00:36:28,009 INFO PERFORMANCE:|3|3|5|-1|-1|0|0

2022-08-10 00:36:28,012 INFO Task worker status: 
naming_0%8, pending tasks: 0
naming_1%8, pending tasks: 0
naming_2%8, pending tasks: 0
naming_3%8, pending tasks: 0
naming_4%8, pending tasks: 0
naming_5%8, pending tasks: 0
naming_6%8, pending tasks: 0
naming_7%8, pending tasks: 0


2022-08-10 00:36:28,014 INFO DISTRO:|0|0|0|0|0|

2022-08-10 00:37:28,015 INFO PERFORMANCE:|3|3|5|-1|-1|0|0

2022-08-10 00:37:28,018 INFO Task worker status: 
naming_0%8, pending tasks: 0
naming_1%8, pending tasks: 0
naming_2%8, pending tasks: 0
naming_3%8, pending tasks: 0
naming_4%8, pending tasks: 0
naming_5%8, pending tasks: 0
naming_6%8, pending tasks: 0
naming_7%8, pending tasks: 0


2022-08-10 00:37:28,019 INFO DISTRO:|0|0|0|0|0|

2022-08-10 00:38:28,028 INFO PERFORMANCE:|3|3|5|-1|-1|0|0

2022-08-10 00:38:28,077 INFO Task worker status: 
naming_0%8, pending tasks: 0
naming_1%8, pending tasks: 0
naming_2%8, pending tasks: 0
naming_3%8, pending tasks: 0
naming_4%8, pending tasks: 0
naming_5%8, pending tasks: 0
naming_6%8, pending tasks: 0
naming_7%8, pending tasks: 0


2022-08-10 00:38:28,082 INFO DISTRO:|0|0|0|0|0|

2022-08-10 00:39:28,086 INFO PERFORMANCE:|3|3|5|-1|-1|0|0

2022-08-10 00:39:28,088 INFO Task worker status: 
naming_0%8, pending tasks: 0
naming_1%8, pending tasks: 0
naming_2%8, pending tasks: 0
naming_3%8, pending tasks: 0
naming_4%8, pending tasks: 0
naming_5%8, pending tasks: 0
naming_6%8, pending tasks: 0
naming_7%8, pending tasks: 0


2022-08-10 00:39:28,090 INFO DISTRO:|0|0|0|0|0|

2022-08-10 00:40:28,093 INFO PERFORMANCE:|3|3|5|-1|-1|0|0

2022-08-10 00:40:28,097 INFO Task worker status: 
naming_0%8, pending tasks: 0
naming_1%8, pending tasks: 0
naming_2%8, pending tasks: 0
naming_3%8, pending tasks: 0
naming_4%8, pending tasks: 0
naming_5%8, pending tasks: 0
naming_6%8, pending tasks: 0
naming_7%8, pending tasks: 0


2022-08-10 00:40:28,100 INFO DISTRO:|0|0|0|0|0|

2022-08-10 00:41:28,101 INFO PERFORMANCE:|3|3|5|-1|-1|0|0

2022-08-10 00:41:28,106 INFO Task worker status: 
naming_0%8, pending tasks: 0
naming_1%8, pending tasks: 0
naming_2%8, pending tasks: 0
naming_3%8, pending tasks: 0
naming_4%8, pending tasks: 0
naming_5%8, pending tasks: 0
naming_6%8, pending tasks: 0
naming_7%8, pending tasks: 0


2022-08-10 00:41:28,108 INFO DISTRO:|0|0|0|0|0|

