2023-04-03 00:58:35.812  WARN --- [           RetryCommitting_1_1] com.alibaba.druid.pool.DruidDataSource   : get connection timeout retry : 1
2023-04-03 00:58:35.812  WARN --- [           AsyncCommitting_1_1] com.alibaba.druid.pool.DruidDataSource   : get connection timeout retry : 1
2023-04-03 00:58:35.812  WARN --- [          RetryRollbacking_1_1] com.alibaba.druid.pool.DruidDataSource   : get connection timeout retry : 1
2023-04-03 00:58:35.812  WARN --- [            TxTimeoutCheck_1_1] com.alibaba.druid.pool.DruidDataSource   : get connection timeout retry : 1
2023-04-03 00:58:45.824  WARN --- [           RetryCommitting_1_1] com.alibaba.druid.pool.DruidDataSource   : get connection timeout retry : 1
2023-04-03 00:58:45.826  WARN --- [           AsyncCommitting_1_1] com.alibaba.druid.pool.DruidDataSource   : get connection timeout retry : 1
2023-04-03 00:58:45.825  WARN --- [          RetryRollbacking_1_1] com.alibaba.druid.pool.DruidDataSource   : get connection timeout retry : 1
2023-04-03 00:58:45.826  WARN --- [            TxTimeoutCheck_1_1] com.alibaba.druid.pool.DruidDataSource   : get connection timeout retry : 1
2023-04-03 00:58:55.838  WARN --- [           RetryCommitting_1_1] com.alibaba.druid.pool.DruidDataSource   : get connection timeout retry : 1
2023-04-03 00:58:55.838  WARN --- [          RetryRollbacking_1_1] com.alibaba.druid.pool.DruidDataSource   : get connection timeout retry : 1
2023-04-03 00:58:55.838  WARN --- [            TxTimeoutCheck_1_1] com.alibaba.druid.pool.DruidDataSource   : get connection timeout retry : 1
2023-04-03 00:58:55.839  WARN --- [           AsyncCommitting_1_1] com.alibaba.druid.pool.DruidDataSource   : get connection timeout retry : 1
2023-04-03 01:22:24.212  WARN --- [           RetryCommitting_1_1] com.alibaba.druid.pool.DruidDataSource   : get connection timeout retry : 1
2023-04-03 01:22:24.212  WARN --- [            TxTimeoutCheck_1_1] com.alibaba.druid.pool.DruidDataSource   : get connection timeout retry : 1
2023-04-03 01:22:24.212  WARN --- [           AsyncCommitting_1_1] com.alibaba.druid.pool.DruidDataSource   : get connection timeout retry : 1
2023-04-03 01:22:24.212  WARN --- [          RetryRollbacking_1_1] com.alibaba.druid.pool.DruidDataSource   : get connection timeout retry : 1
2023-04-03 11:32:35.191  WARN --- [                      Thread-1] c.a.n.common.http.HttpClientBeanHolder   : [HttpClientBeanHolder] Start destroying common HttpClient
2023-04-03 11:32:35.193  WARN --- [                     Thread-13] c.a.nacos.common.notify.NotifyCenter     : [NotifyCenter] Start destroying Publisher
2023-04-03 11:32:35.196  WARN --- [                     Thread-13] c.a.nacos.common.notify.NotifyCenter     : [NotifyCenter] Destruction of the end
2023-04-03 11:32:35.202  WARN --- [                      Thread-1] c.a.n.common.http.HttpClientBeanHolder   : [HttpClientBeanHolder] Destruction of the end
2023-04-03 11:32:51.015  WARN --- [                          main] o.s.s.c.a.web.builders.WebSecurity       : You are asking Spring Security to ignore Ant [pattern='/']. This is not recommended -- please use permitAll via HttpSecurity#authorizeHttpRequests instead.
2023-04-03 11:32:51.018  WARN --- [                          main] o.s.s.c.a.web.builders.WebSecurity       : You are asking Spring Security to ignore Ant [pattern='/**/*.css']. This is not recommended -- please use permitAll via HttpSecurity#authorizeHttpRequests instead.
2023-04-03 11:32:51.020  WARN --- [                          main] o.s.s.c.a.web.builders.WebSecurity       : You are asking Spring Security to ignore Ant [pattern='/**/*.js']. This is not recommended -- please use permitAll via HttpSecurity#authorizeHttpRequests instead.
2023-04-03 11:32:51.025  WARN --- [                          main] o.s.s.c.a.web.builders.WebSecurity       : You are asking Spring Security to ignore Ant [pattern='/**/*.html']. This is not recommended -- please use permitAll via HttpSecurity#authorizeHttpRequests instead.
2023-04-03 11:32:51.028  WARN --- [                          main] o.s.s.c.a.web.builders.WebSecurity       : You are asking Spring Security to ignore Ant [pattern='/**/*.map']. This is not recommended -- please use permitAll via HttpSecurity#authorizeHttpRequests instead.
2023-04-03 11:32:51.030  WARN --- [                          main] o.s.s.c.a.web.builders.WebSecurity       : You are asking Spring Security to ignore Ant [pattern='/**/*.svg']. This is not recommended -- please use permitAll via HttpSecurity#authorizeHttpRequests instead.
2023-04-03 11:32:51.032  WARN --- [                          main] o.s.s.c.a.web.builders.WebSecurity       : You are asking Spring Security to ignore Ant [pattern='/**/*.png']. This is not recommended -- please use permitAll via HttpSecurity#authorizeHttpRequests instead.
2023-04-03 11:32:51.034  WARN --- [                          main] o.s.s.c.a.web.builders.WebSecurity       : You are asking Spring Security to ignore Ant [pattern='/**/*.ico']. This is not recommended -- please use permitAll via HttpSecurity#authorizeHttpRequests instead.
2023-04-03 11:32:51.036  WARN --- [                          main] o.s.s.c.a.web.builders.WebSecurity       : You are asking Spring Security to ignore Ant [pattern='/console-fe/public/**']. This is not recommended -- please use permitAll via HttpSecurity#authorizeHttpRequests instead.
2023-04-03 11:32:51.037  WARN --- [                          main] o.s.s.c.a.web.builders.WebSecurity       : You are asking Spring Security to ignore Ant [pattern='/api/v1/auth/login']. This is not recommended -- please use permitAll via HttpSecurity#authorizeHttpRequests instead.
2023-04-03 11:33:16.846  WARN --- [                     Thread-13] c.a.nacos.common.notify.NotifyCenter     : [NotifyCenter] Start destroying Publisher
2023-04-03 11:33:16.848  WARN --- [                      Thread-1] c.a.n.common.http.HttpClientBeanHolder   : [HttpClientBeanHolder] Start destroying common HttpClient
2023-04-03 11:33:16.851  WARN --- [                     Thread-13] c.a.nacos.common.notify.NotifyCenter     : [NotifyCenter] Destruction of the end
2023-04-03 11:33:16.852  WARN --- [                      Thread-1] c.a.n.common.http.HttpClientBeanHolder   : [HttpClientBeanHolder] Destruction of the end
2023-04-03 11:33:26.203  WARN --- [                          main] o.s.s.c.a.web.builders.WebSecurity       : You are asking Spring Security to ignore Ant [pattern='/']. This is not recommended -- please use permitAll via HttpSecurity#authorizeHttpRequests instead.
2023-04-03 11:33:26.206  WARN --- [                          main] o.s.s.c.a.web.builders.WebSecurity       : You are asking Spring Security to ignore Ant [pattern='/**/*.css']. This is not recommended -- please use permitAll via HttpSecurity#authorizeHttpRequests instead.
2023-04-03 11:33:26.214  WARN --- [                          main] o.s.s.c.a.web.builders.WebSecurity       : You are asking Spring Security to ignore Ant [pattern='/**/*.js']. This is not recommended -- please use permitAll via HttpSecurity#authorizeHttpRequests instead.
2023-04-03 11:33:26.216  WARN --- [                          main] o.s.s.c.a.web.builders.WebSecurity       : You are asking Spring Security to ignore Ant [pattern='/**/*.html']. This is not recommended -- please use permitAll via HttpSecurity#authorizeHttpRequests instead.
2023-04-03 11:33:26.218  WARN --- [                          main] o.s.s.c.a.web.builders.WebSecurity       : You are asking Spring Security to ignore Ant [pattern='/**/*.map']. This is not recommended -- please use permitAll via HttpSecurity#authorizeHttpRequests instead.
2023-04-03 11:33:26.219  WARN --- [                          main] o.s.s.c.a.web.builders.WebSecurity       : You are asking Spring Security to ignore Ant [pattern='/**/*.svg']. This is not recommended -- please use permitAll via HttpSecurity#authorizeHttpRequests instead.
2023-04-03 11:33:26.221  WARN --- [                          main] o.s.s.c.a.web.builders.WebSecurity       : You are asking Spring Security to ignore Ant [pattern='/**/*.png']. This is not recommended -- please use permitAll via HttpSecurity#authorizeHttpRequests instead.
2023-04-03 11:33:26.223  WARN --- [                          main] o.s.s.c.a.web.builders.WebSecurity       : You are asking Spring Security to ignore Ant [pattern='/**/*.ico']. This is not recommended -- please use permitAll via HttpSecurity#authorizeHttpRequests instead.
2023-04-03 11:33:26.225  WARN --- [                          main] o.s.s.c.a.web.builders.WebSecurity       : You are asking Spring Security to ignore Ant [pattern='/console-fe/public/**']. This is not recommended -- please use permitAll via HttpSecurity#authorizeHttpRequests instead.
2023-04-03 11:33:26.226  WARN --- [                          main] o.s.s.c.a.web.builders.WebSecurity       : You are asking Spring Security to ignore Ant [pattern='/api/v1/auth/login']. This is not recommended -- please use permitAll via HttpSecurity#authorizeHttpRequests instead.
2023-04-03 11:34:04.591  WARN --- [                          main] o.s.s.c.a.web.builders.WebSecurity       : You are asking Spring Security to ignore Ant [pattern='/']. This is not recommended -- please use permitAll via HttpSecurity#authorizeHttpRequests instead.
2023-04-03 11:34:04.594  WARN --- [                          main] o.s.s.c.a.web.builders.WebSecurity       : You are asking Spring Security to ignore Ant [pattern='/**/*.css']. This is not recommended -- please use permitAll via HttpSecurity#authorizeHttpRequests instead.
2023-04-03 11:34:04.596  WARN --- [                          main] o.s.s.c.a.web.builders.WebSecurity       : You are asking Spring Security to ignore Ant [pattern='/**/*.js']. This is not recommended -- please use permitAll via HttpSecurity#authorizeHttpRequests instead.
2023-04-03 11:34:04.597  WARN --- [                          main] o.s.s.c.a.web.builders.WebSecurity       : You are asking Spring Security to ignore Ant [pattern='/**/*.html']. This is not recommended -- please use permitAll via HttpSecurity#authorizeHttpRequests instead.
2023-04-03 11:34:04.600  WARN --- [                          main] o.s.s.c.a.web.builders.WebSecurity       : You are asking Spring Security to ignore Ant [pattern='/**/*.map']. This is not recommended -- please use permitAll via HttpSecurity#authorizeHttpRequests instead.
2023-04-03 11:34:04.601  WARN --- [                          main] o.s.s.c.a.web.builders.WebSecurity       : You are asking Spring Security to ignore Ant [pattern='/**/*.svg']. This is not recommended -- please use permitAll via HttpSecurity#authorizeHttpRequests instead.
2023-04-03 11:34:04.603  WARN --- [                          main] o.s.s.c.a.web.builders.WebSecurity       : You are asking Spring Security to ignore Ant [pattern='/**/*.png']. This is not recommended -- please use permitAll via HttpSecurity#authorizeHttpRequests instead.
2023-04-03 11:34:04.604  WARN --- [                          main] o.s.s.c.a.web.builders.WebSecurity       : You are asking Spring Security to ignore Ant [pattern='/**/*.ico']. This is not recommended -- please use permitAll via HttpSecurity#authorizeHttpRequests instead.
2023-04-03 11:34:04.606  WARN --- [                          main] o.s.s.c.a.web.builders.WebSecurity       : You are asking Spring Security to ignore Ant [pattern='/console-fe/public/**']. This is not recommended -- please use permitAll via HttpSecurity#authorizeHttpRequests instead.
2023-04-03 11:34:04.607  WARN --- [                          main] o.s.s.c.a.web.builders.WebSecurity       : You are asking Spring Security to ignore Ant [pattern='/api/v1/auth/login']. This is not recommended -- please use permitAll via HttpSecurity#authorizeHttpRequests instead.
